2023-02-03 02:01:45.698  INFO DESKTOP-0N7MAR7 --- [           main] c.B.A.AuthService                        : Starting AuthService using Java 17.0.5 with PID 13688 (C:\Users\burak\OneDrive\Masa端st端\CompleteVehicleQualitySystem\AuthService\target\classes started by burak in C:\Users\burak\OneDrive\Masa端st端\CompleteVehicleQualitySystem)
2023-02-03 02:01:45.720  INFO DESKTOP-0N7MAR7 --- [           main] c.B.A.AuthService                        : No active profile set, falling back to 1 default profile: "default"
2023-02-03 02:01:46.766  INFO DESKTOP-0N7MAR7 --- [           main] .s.d.r.c.RepositoryConfigurationDelegate : Bootstrapping Spring Data JPA repositories in DEFAULT mode.
2023-02-03 02:01:46.884  INFO DESKTOP-0N7MAR7 --- [           main] .s.d.r.c.RepositoryConfigurationDelegate : Finished Spring Data repository scanning in 103 ms. Found 2 JPA repository interfaces.
2023-02-03 02:01:48.160  INFO DESKTOP-0N7MAR7 --- [           main] o.s.b.w.e.t.TomcatWebServer              : Tomcat initialized with port(s): 3000 (http)
2023-02-03 02:01:48.176  INFO DESKTOP-0N7MAR7 --- [           main] o.a.c.h.Http11NioProtocol                : Initializing ProtocolHandler ["http-nio-3000"]
2023-02-03 02:01:48.178  INFO DESKTOP-0N7MAR7 --- [           main] o.a.c.c.StandardService                  : Starting service [Tomcat]
2023-02-03 02:01:48.180  INFO DESKTOP-0N7MAR7 --- [           main] o.a.c.c.StandardEngine                   : Starting Servlet engine: [Apache Tomcat/10.1.5]
2023-02-03 02:01:48.346  INFO DESKTOP-0N7MAR7 --- [           main] o.a.c.c.C.[.[.[/]                        : Initializing Spring embedded WebApplicationContext
2023-02-03 02:01:48.349  INFO DESKTOP-0N7MAR7 --- [           main] w.s.c.ServletWebServerApplicationContext : Root WebApplicationContext: initialization completed in 2561 ms
2023-02-03 02:01:48.808  INFO DESKTOP-0N7MAR7 --- [           main] o.h.j.i.u.LogHelper                      : HHH000204: Processing PersistenceUnitInfo [name: default]
2023-02-03 02:01:49.024  INFO DESKTOP-0N7MAR7 --- [           main] o.h.Version                              : HHH000412: Hibernate ORM core version 6.1.6.Final
2023-02-03 02:01:49.633  WARN DESKTOP-0N7MAR7 --- [           main] o.h.o.deprecation                        : HHH90000021: Encountered deprecated setting [javax.persistence.sharedCache.mode], use [jakarta.persistence.sharedCache.mode] instead
2023-02-03 02:01:50.018  INFO DESKTOP-0N7MAR7 --- [           main] c.z.h.HikariDataSource                   : HikariPool-1 - Starting...
2023-02-03 02:01:50.527  INFO DESKTOP-0N7MAR7 --- [           main] c.z.h.p.HikariPool                       : HikariPool-1 - Added connection org.postgresql.jdbc.PgConnection@255ed8e4
2023-02-03 02:01:50.532  INFO DESKTOP-0N7MAR7 --- [           main] c.z.h.HikariDataSource                   : HikariPool-1 - Start completed.
2023-02-03 02:01:50.628  INFO DESKTOP-0N7MAR7 --- [           main] SQL dialect                              : HHH000400: Using dialect: org.hibernate.dialect.PostgreSQLDialect
2023-02-03 02:01:53.410  INFO DESKTOP-0N7MAR7 --- [           main] o.h.e.t.j.p.i.JtaPlatformInitiator       : HHH000490: Using JtaPlatform implementation: [org.hibernate.engine.transaction.jta.platform.internal.NoJtaPlatform]
2023-02-03 02:01:53.434  INFO DESKTOP-0N7MAR7 --- [           main] j.LocalContainerEntityManagerFactoryBean : Initialized JPA EntityManagerFactory for persistence unit 'default'
2023-02-03 02:01:55.094  WARN DESKTOP-0N7MAR7 --- [           main] JpaBaseConfiguration$JpaWebConfiguration : spring.jpa.open-in-view is enabled by default. Therefore, database queries may be performed during view rendering. Explicitly configure spring.jpa.open-in-view to disable this warning
2023-02-03 02:01:56.187  INFO DESKTOP-0N7MAR7 --- [           main] o.s.s.w.DefaultSecurityFilterChain       : Will secure any request with [org.springframework.security.web.session.DisableEncodeUrlFilter@9ba167e, org.springframework.security.web.context.request.async.WebAsyncManagerIntegrationFilter@17873842, org.springframework.security.web.context.SecurityContextHolderFilter@67683210, org.springframework.security.web.header.HeaderWriterFilter@5add7380, org.springframework.security.web.authentication.logout.LogoutFilter@17e66aed, com.BurakAciker.AuthService.security.JwtAuthenticationFilter@2bc0603f, org.springframework.security.web.savedrequest.RequestCacheAwareFilter@103033fe, org.springframework.security.web.servletapi.SecurityContextHolderAwareRequestFilter@25511895, org.springframework.security.web.authentication.AnonymousAuthenticationFilter@147aceec, org.springframework.security.web.session.SessionManagementFilter@d3b0397, org.springframework.security.web.access.ExceptionTranslationFilter@1e5190bd, org.springframework.security.web.access.intercept.AuthorizationFilter@7833407]
2023-02-03 02:01:57.046  INFO DESKTOP-0N7MAR7 --- [           main] o.a.c.h.Http11NioProtocol                : Starting ProtocolHandler ["http-nio-3000"]
2023-02-03 02:01:57.125  INFO DESKTOP-0N7MAR7 --- [           main] o.s.b.w.e.t.TomcatWebServer              : Tomcat started on port(s): 3000 (http) with context path ''
2023-02-03 02:01:57.152  INFO DESKTOP-0N7MAR7 --- [           main] c.B.A.AuthService                        : Started AuthService in 11.979 seconds (process running for 13.03)
2023-02-03 02:01:57.160  INFO DESKTOP-0N7MAR7 --- [           main] c.B.A.s.RoleServiceImpl                  : Create role service method:Role(id=null, name=ADMIN, createdAt=null, updatedAt=null, deletedAt=null)
2023-02-03 02:01:57.628  WARN DESKTOP-0N7MAR7 --- [           main] c.B.A.s.RoleServiceImpl                  : Role already exists
2023-02-03 02:01:57.628  INFO DESKTOP-0N7MAR7 --- [           main] c.B.A.s.RoleServiceImpl                  : Create role service method:Role(id=null, name=TEAMLEAD, createdAt=null, updatedAt=null, deletedAt=null)
2023-02-03 02:01:57.634  WARN DESKTOP-0N7MAR7 --- [           main] c.B.A.s.RoleServiceImpl                  : Role already exists
2023-02-03 02:01:57.635  INFO DESKTOP-0N7MAR7 --- [           main] c.B.A.s.RoleServiceImpl                  : Create role service method:Role(id=null, name=OPERATOR, createdAt=null, updatedAt=null, deletedAt=null)
2023-02-03 02:01:57.639  WARN DESKTOP-0N7MAR7 --- [           main] c.B.A.s.RoleServiceImpl                  : Role already exists
