2023-02-03 02:02:17.426  INFO DESKTOP-0N7MAR7 --- [           main] c.B.D.DefectEntryService                 : Starting DefectEntryService using Java 17.0.2 with PID 15828 (C:\Users\burak\OneDrive\Masaüstü\CompleteVehicleQualitySystem\DefectEntryService\target\classes started by burak in C:\Users\burak\OneDrive\Masaüstü\CompleteVehicleQualitySystem)
2023-02-03 02:02:17.451  INFO DESKTOP-0N7MAR7 --- [           main] c.B.D.DefectEntryService                 : No active profile set, falling back to 1 default profile: "default"
2023-02-03 02:02:18.631  INFO DESKTOP-0N7MAR7 --- [           main] .s.d.r.c.RepositoryConfigurationDelegate : Bootstrapping Spring Data JPA repositories in DEFAULT mode.
2023-02-03 02:02:18.743  INFO DESKTOP-0N7MAR7 --- [           main] .s.d.r.c.RepositoryConfigurationDelegate : Finished Spring Data repository scanning in 102 ms. Found 3 JPA repository interfaces.
2023-02-03 02:02:19.698  INFO DESKTOP-0N7MAR7 --- [           main] o.s.b.w.e.t.TomcatWebServer              : Tomcat initialized with port(s): 3004 (http)
2023-02-03 02:02:19.714  INFO DESKTOP-0N7MAR7 --- [           main] o.a.c.h.Http11NioProtocol                : Initializing ProtocolHandler ["http-nio-3004"]
2023-02-03 02:02:19.715  INFO DESKTOP-0N7MAR7 --- [           main] o.a.c.c.StandardService                  : Starting service [Tomcat]
2023-02-03 02:02:19.716  INFO DESKTOP-0N7MAR7 --- [           main] o.a.c.c.StandardEngine                   : Starting Servlet engine: [Apache Tomcat/10.1.5]
2023-02-03 02:02:19.866  INFO DESKTOP-0N7MAR7 --- [           main] o.a.c.c.C.[.[.[/]                        : Initializing Spring embedded WebApplicationContext
2023-02-03 02:02:19.868  INFO DESKTOP-0N7MAR7 --- [           main] w.s.c.ServletWebServerApplicationContext : Root WebApplicationContext: initialization completed in 2288 ms
2023-02-03 02:02:20.172  INFO DESKTOP-0N7MAR7 --- [           main] o.h.j.i.u.LogHelper                      : HHH000204: Processing PersistenceUnitInfo [name: default]
2023-02-03 02:02:20.256  INFO DESKTOP-0N7MAR7 --- [           main] o.h.Version                              : HHH000412: Hibernate ORM core version 6.1.6.Final
2023-02-03 02:02:20.536  WARN DESKTOP-0N7MAR7 --- [           main] o.h.o.deprecation                        : HHH90000021: Encountered deprecated setting [javax.persistence.sharedCache.mode], use [jakarta.persistence.sharedCache.mode] instead
2023-02-03 02:02:20.776  INFO DESKTOP-0N7MAR7 --- [           main] c.z.h.HikariDataSource                   : HikariPool-1 - Starting...
2023-02-03 02:02:21.054  INFO DESKTOP-0N7MAR7 --- [           main] c.z.h.p.HikariPool                       : HikariPool-1 - Added connection org.postgresql.jdbc.PgConnection@283a8ad6
2023-02-03 02:02:21.057  INFO DESKTOP-0N7MAR7 --- [           main] c.z.h.HikariDataSource                   : HikariPool-1 - Start completed.
2023-02-03 02:02:21.111  INFO DESKTOP-0N7MAR7 --- [           main] SQL dialect                              : HHH000400: Using dialect: org.hibernate.dialect.PostgreSQLDialect
2023-02-03 02:02:22.571  INFO DESKTOP-0N7MAR7 --- [           main] o.h.e.t.j.p.i.JtaPlatformInitiator       : HHH000490: Using JtaPlatform implementation: [org.hibernate.engine.transaction.jta.platform.internal.NoJtaPlatform]
2023-02-03 02:02:22.587  INFO DESKTOP-0N7MAR7 --- [           main] j.LocalContainerEntityManagerFactoryBean : Initialized JPA EntityManagerFactory for persistence unit 'default'
2023-02-03 02:02:23.108  WARN DESKTOP-0N7MAR7 --- [           main] JpaBaseConfiguration$JpaWebConfiguration : spring.jpa.open-in-view is enabled by default. Therefore, database queries may be performed during view rendering. Explicitly configure spring.jpa.open-in-view to disable this warning
2023-02-03 02:02:23.553  INFO DESKTOP-0N7MAR7 --- [           main] o.a.c.h.Http11NioProtocol                : Starting ProtocolHandler ["http-nio-3004"]
2023-02-03 02:02:23.595  INFO DESKTOP-0N7MAR7 --- [           main] o.s.b.w.e.t.TomcatWebServer              : Tomcat started on port(s): 3004 (http) with context path ''
2023-02-03 02:02:23.607  INFO DESKTOP-0N7MAR7 --- [           main] c.B.D.DefectEntryService                 : Started DefectEntryService in 7.057 seconds (process running for 8.903)
2023-02-03 02:08:08.342  INFO DESKTOP-0N7MAR7 --- [nio-3004-exec-2] o.a.c.c.C.[.[.[/]                        : Initializing Spring DispatcherServlet 'dispatcherServlet'
2023-02-03 02:08:08.342  INFO DESKTOP-0N7MAR7 --- [nio-3004-exec-2] o.s.w.s.DispatcherServlet                : Initializing Servlet 'dispatcherServlet'
2023-02-03 02:08:08.344  INFO DESKTOP-0N7MAR7 --- [nio-3004-exec-2] o.s.w.s.DispatcherServlet                : Completed initialization in 1 ms
2023-02-03 02:08:08.451  INFO DESKTOP-0N7MAR7 --- [nio-3004-exec-2] c.B.D.r.DefectEntryServiceController     : New vehicle request received parameters:NewVehicleRequest(model=tesla)
2023-02-03 02:08:08.467  INFO DESKTOP-0N7MAR7 --- [nio-3004-exec-2] c.B.D.r.DefectEntryServiceController     : Role check request sent parameters: role:OPERATOR token:Bearer eyJhbGciOiJIUzM4NCJ9.eyJzdWIiOiJidXJha2FjayIsImlhdCI6MTY3NTIwMDkzNCwiZXhwIjoxNjc1MjM2OTM0fQ.ZIcHViyVKRpnAh_neeevStx1T_aEfgvVugMT5NQJZaKNk2nSh5apKVcUcBAbkhcE
2023-02-03 02:08:08.537 ERROR DESKTOP-0N7MAR7 --- [nio-3004-exec-2] o.a.c.c.C.[.[.[.[dispatcherServlet]      : Servlet.service() for servlet [dispatcherServlet] in context with path [] threw exception [Request processing failed: org.springframework.web.client.HttpClientErrorException$Forbidden: 403 : [no body]] with root cause
org.springframework.web.client.HttpClientErrorException$Forbidden: 403 : [no body]
	at org.springframework.web.client.HttpClientErrorException.create(HttpClientErrorException.java:109)
	at org.springframework.web.client.DefaultResponseErrorHandler.handleError(DefaultResponseErrorHandler.java:183)
	at org.springframework.web.client.DefaultResponseErrorHandler.handleError(DefaultResponseErrorHandler.java:137)
	at org.springframework.web.client.ResponseErrorHandler.handleError(ResponseErrorHandler.java:63)
	at org.springframework.web.client.RestTemplate.handleResponse(RestTemplate.java:915)
	at org.springframework.web.client.RestTemplate.doExecute(RestTemplate.java:864)
	at org.springframework.web.client.RestTemplate.execute(RestTemplate.java:764)
	at org.springframework.web.client.RestTemplate.postForObject(RestTemplate.java:481)
	at com.BurakAciker.DefectEntryService.service.RestRequestsServiceImpl.roleCheck(RestRequestsServiceImpl.java:28)
	at com.BurakAciker.DefectEntryService.resource.DefectEntryServiceController.addVehicle(DefectEntryServiceController.java:38)
	at java.base/jdk.internal.reflect.NativeMethodAccessorImpl.invoke0(Native Method)
	at java.base/jdk.internal.reflect.NativeMethodAccessorImpl.invoke(NativeMethodAccessorImpl.java:77)
	at java.base/jdk.internal.reflect.DelegatingMethodAccessorImpl.invoke(DelegatingMethodAccessorImpl.java:43)
	at java.base/java.lang.reflect.Method.invoke(Method.java:568)
	at org.springframework.web.method.support.InvocableHandlerMethod.doInvoke(InvocableHandlerMethod.java:207)
	at org.springframework.web.method.support.InvocableHandlerMethod.invokeForRequest(InvocableHandlerMethod.java:152)
	at org.springframework.web.servlet.mvc.method.annotation.ServletInvocableHandlerMethod.invokeAndHandle(ServletInvocableHandlerMethod.java:117)
	at org.springframework.web.servlet.mvc.method.annotation.RequestMappingHandlerAdapter.invokeHandlerMethod(RequestMappingHandlerAdapter.java:884)
	at org.springframework.web.servlet.mvc.method.annotation.RequestMappingHandlerAdapter.handleInternal(RequestMappingHandlerAdapter.java:797)
	at org.springframework.web.servlet.mvc.method.AbstractHandlerMethodAdapter.handle(AbstractHandlerMethodAdapter.java:87)
	at org.springframework.web.servlet.DispatcherServlet.doDispatch(DispatcherServlet.java:1080)
	at org.springframework.web.servlet.DispatcherServlet.doService(DispatcherServlet.java:973)
	at org.springframework.web.servlet.FrameworkServlet.processRequest(FrameworkServlet.java:1003)
	at org.springframework.web.servlet.FrameworkServlet.doPost(FrameworkServlet.java:906)
	at jakarta.servlet.http.HttpServlet.service(HttpServlet.java:731)
	at org.springframework.web.servlet.FrameworkServlet.service(FrameworkServlet.java:880)
	at jakarta.servlet.http.HttpServlet.service(HttpServlet.java:814)
	at org.apache.catalina.core.ApplicationFilterChain.internalDoFilter(ApplicationFilterChain.java:223)
	at org.apache.catalina.core.ApplicationFilterChain.doFilter(ApplicationFilterChain.java:158)
	at org.apache.tomcat.websocket.server.WsFilter.doFilter(WsFilter.java:53)
	at org.apache.catalina.core.ApplicationFilterChain.internalDoFilter(ApplicationFilterChain.java:185)
	at org.apache.catalina.core.ApplicationFilterChain.doFilter(ApplicationFilterChain.java:158)
	at org.springframework.web.filter.RequestContextFilter.doFilterInternal(RequestContextFilter.java:100)
	at org.springframework.web.filter.OncePerRequestFilter.doFilter(OncePerRequestFilter.java:116)
	at org.apache.catalina.core.ApplicationFilterChain.internalDoFilter(ApplicationFilterChain.java:185)
	at org.apache.catalina.core.ApplicationFilterChain.doFilter(ApplicationFilterChain.java:158)
	at org.springframework.web.filter.FormContentFilter.doFilterInternal(FormContentFilter.java:93)
	at org.springframework.web.filter.OncePerRequestFilter.doFilter(OncePerRequestFilter.java:116)
	at org.apache.catalina.core.ApplicationFilterChain.internalDoFilter(ApplicationFilterChain.java:185)
	at org.apache.catalina.core.ApplicationFilterChain.doFilter(ApplicationFilterChain.java:158)
	at org.springframework.web.filter.CharacterEncodingFilter.doFilterInternal(CharacterEncodingFilter.java:201)
	at org.springframework.web.filter.OncePerRequestFilter.doFilter(OncePerRequestFilter.java:116)
	at org.apache.catalina.core.ApplicationFilterChain.internalDoFilter(ApplicationFilterChain.java:185)
	at org.apache.catalina.core.ApplicationFilterChain.doFilter(ApplicationFilterChain.java:158)
	at org.apache.catalina.core.StandardWrapperValve.invoke(StandardWrapperValve.java:177)
	at org.apache.catalina.core.StandardContextValve.invoke(StandardContextValve.java:97)
	at org.apache.catalina.authenticator.AuthenticatorBase.invoke(AuthenticatorBase.java:542)
	at org.apache.catalina.core.StandardHostValve.invoke(StandardHostValve.java:119)
	at org.apache.catalina.valves.ErrorReportValve.invoke(ErrorReportValve.java:92)
	at org.apache.catalina.core.StandardEngineValve.invoke(StandardEngineValve.java:78)
	at org.apache.catalina.connector.CoyoteAdapter.service(CoyoteAdapter.java:357)
	at org.apache.coyote.http11.Http11Processor.service(Http11Processor.java:400)
	at org.apache.coyote.AbstractProcessorLight.process(AbstractProcessorLight.java:65)
	at org.apache.coyote.AbstractProtocol$ConnectionHandler.process(AbstractProtocol.java:859)
	at org.apache.tomcat.util.net.NioEndpoint$SocketProcessor.doRun(NioEndpoint.java:1734)
	at org.apache.tomcat.util.net.SocketProcessorBase.run(SocketProcessorBase.java:52)
	at org.apache.tomcat.util.threads.ThreadPoolExecutor.runWorker(ThreadPoolExecutor.java:1191)
	at org.apache.tomcat.util.threads.ThreadPoolExecutor$Worker.run(ThreadPoolExecutor.java:659)
	at org.apache.tomcat.util.threads.TaskThread$WrappingRunnable.run(TaskThread.java:61)
	at java.base/java.lang.Thread.run(Thread.java:833)
2023-02-03 02:08:14.514  INFO DESKTOP-0N7MAR7 --- [nio-3004-exec-4] c.B.D.r.DefectEntryServiceController     : New vehicle request received parameters:NewVehicleRequest(model=tesla)
2023-02-03 02:08:14.515  INFO DESKTOP-0N7MAR7 --- [nio-3004-exec-4] c.B.D.r.DefectEntryServiceController     : Role check request sent parameters: role:OPERATOR token:Bearer eyJhbGciOiJIUzM4NCJ9.eyJzdWIiOiJidXJha2FjayIsImlhdCI6MTY3NTM3OTI3MywiZXhwIjoxNjc1NDE1MjczfQ.xjgZwkbWUZJit6OvXYZl18VypftuBl3wQtA6cule8lVA8f7zHHeDIIVEQ7_7X605
2023-02-03 02:08:14.578  INFO DESKTOP-0N7MAR7 --- [nio-3004-exec-4] c.B.D.s.VehicleDefectServiceImpl         : New vehicle method parameters:NewVehicleRequest(model=tesla)
2023-02-03 23:09:44.096  INFO DESKTOP-0N7MAR7 --- [           main] c.B.D.DefectEntryService                 : Starting DefectEntryService using Java 17.0.2 with PID 3300 (C:\Users\burak\OneDrive\Masaüstü\CompleteVehicleQualitySystem\DefectEntryService\target\classes started by burak in C:\Users\burak\OneDrive\Masaüstü\CompleteVehicleQualitySystem)
2023-02-03 23:09:44.138  INFO DESKTOP-0N7MAR7 --- [           main] c.B.D.DefectEntryService                 : No active profile set, falling back to 1 default profile: "default"
2023-02-03 23:09:45.532  INFO DESKTOP-0N7MAR7 --- [           main] .s.d.r.c.RepositoryConfigurationDelegate : Bootstrapping Spring Data JPA repositories in DEFAULT mode.
2023-02-03 23:09:45.662  INFO DESKTOP-0N7MAR7 --- [           main] .s.d.r.c.RepositoryConfigurationDelegate : Finished Spring Data repository scanning in 113 ms. Found 3 JPA repository interfaces.
2023-02-03 23:09:47.077  INFO DESKTOP-0N7MAR7 --- [           main] o.s.b.w.e.t.TomcatWebServer              : Tomcat initialized with port(s): 3004 (http)
2023-02-03 23:09:47.095  INFO DESKTOP-0N7MAR7 --- [           main] o.a.c.h.Http11NioProtocol                : Initializing ProtocolHandler ["http-nio-3004"]
2023-02-03 23:09:47.096  INFO DESKTOP-0N7MAR7 --- [           main] o.a.c.c.StandardService                  : Starting service [Tomcat]
2023-02-03 23:09:47.097  INFO DESKTOP-0N7MAR7 --- [           main] o.a.c.c.StandardEngine                   : Starting Servlet engine: [Apache Tomcat/10.1.5]
2023-02-03 23:09:47.311  INFO DESKTOP-0N7MAR7 --- [           main] o.a.c.c.C.[.[.[/]                        : Initializing Spring embedded WebApplicationContext
2023-02-03 23:09:47.315  INFO DESKTOP-0N7MAR7 --- [           main] w.s.c.ServletWebServerApplicationContext : Root WebApplicationContext: initialization completed in 3051 ms
2023-02-03 23:09:47.743  INFO DESKTOP-0N7MAR7 --- [           main] o.h.j.i.u.LogHelper                      : HHH000204: Processing PersistenceUnitInfo [name: default]
2023-02-03 23:09:47.875  INFO DESKTOP-0N7MAR7 --- [           main] o.h.Version                              : HHH000412: Hibernate ORM core version 6.1.6.Final
2023-02-03 23:09:48.243  WARN DESKTOP-0N7MAR7 --- [           main] o.h.o.deprecation                        : HHH90000021: Encountered deprecated setting [javax.persistence.sharedCache.mode], use [jakarta.persistence.sharedCache.mode] instead
2023-02-03 23:09:48.567  INFO DESKTOP-0N7MAR7 --- [           main] c.z.h.HikariDataSource                   : HikariPool-1 - Starting...
2023-02-03 23:09:48.978  INFO DESKTOP-0N7MAR7 --- [           main] c.z.h.p.HikariPool                       : HikariPool-1 - Added connection org.postgresql.jdbc.PgConnection@44d43cc9
2023-02-03 23:09:48.981  INFO DESKTOP-0N7MAR7 --- [           main] c.z.h.HikariDataSource                   : HikariPool-1 - Start completed.
2023-02-03 23:09:49.057  INFO DESKTOP-0N7MAR7 --- [           main] SQL dialect                              : HHH000400: Using dialect: org.hibernate.dialect.PostgreSQLDialect
2023-02-03 23:09:51.058  INFO DESKTOP-0N7MAR7 --- [           main] o.h.e.t.j.p.i.JtaPlatformInitiator       : HHH000490: Using JtaPlatform implementation: [org.hibernate.engine.transaction.jta.platform.internal.NoJtaPlatform]
2023-02-03 23:09:51.073  INFO DESKTOP-0N7MAR7 --- [           main] j.LocalContainerEntityManagerFactoryBean : Initialized JPA EntityManagerFactory for persistence unit 'default'
2023-02-03 23:09:51.966  WARN DESKTOP-0N7MAR7 --- [           main] JpaBaseConfiguration$JpaWebConfiguration : spring.jpa.open-in-view is enabled by default. Therefore, database queries may be performed during view rendering. Explicitly configure spring.jpa.open-in-view to disable this warning
2023-02-03 23:09:52.631  INFO DESKTOP-0N7MAR7 --- [           main] o.a.c.h.Http11NioProtocol                : Starting ProtocolHandler ["http-nio-3004"]
2023-02-03 23:09:52.685  INFO DESKTOP-0N7MAR7 --- [           main] o.s.b.w.e.t.TomcatWebServer              : Tomcat started on port(s): 3004 (http) with context path ''
2023-02-03 23:09:52.706  INFO DESKTOP-0N7MAR7 --- [           main] c.B.D.DefectEntryService                 : Started DefectEntryService in 9.489 seconds (process running for 11.526)
2023-02-03 23:17:12.252  INFO DESKTOP-0N7MAR7 --- [nio-3004-exec-2] o.a.c.c.C.[.[.[/]                        : Initializing Spring DispatcherServlet 'dispatcherServlet'
2023-02-03 23:17:12.252  INFO DESKTOP-0N7MAR7 --- [nio-3004-exec-2] o.s.w.s.DispatcherServlet                : Initializing Servlet 'dispatcherServlet'
2023-02-03 23:17:12.254  INFO DESKTOP-0N7MAR7 --- [nio-3004-exec-2] o.s.w.s.DispatcherServlet                : Completed initialization in 1 ms
2023-02-03 23:17:12.406  INFO DESKTOP-0N7MAR7 --- [nio-3004-exec-2] c.B.D.r.DefectEntryServiceController     : New vehicle request received parameters:NewVehicleRequest(model=arabamodeli)
2023-02-03 23:17:12.419  INFO DESKTOP-0N7MAR7 --- [nio-3004-exec-2] c.B.D.r.DefectEntryServiceController     : Role check request sent parameters: role:OPERATOR token:Bearer eyJhbGciOiJIUzM4NCJ9.eyJzdWIiOiJidXJha2FjayIsImlhdCI6MTY3NTIwMDkzNCwiZXhwIjoxNjc1MjM2OTM0fQ.ZIcHViyVKRpnAh_neeevStx1T_aEfgvVugMT5NQJZaKNk2nSh5apKVcUcBAbkhcE
2023-02-03 23:17:12.468 ERROR DESKTOP-0N7MAR7 --- [nio-3004-exec-2] o.a.c.c.C.[.[.[.[dispatcherServlet]      : Servlet.service() for servlet [dispatcherServlet] in context with path [] threw exception [Request processing failed: org.springframework.web.client.HttpClientErrorException$Forbidden: 403 : [no body]] with root cause
org.springframework.web.client.HttpClientErrorException$Forbidden: 403 : [no body]
	at org.springframework.web.client.HttpClientErrorException.create(HttpClientErrorException.java:109)
	at org.springframework.web.client.DefaultResponseErrorHandler.handleError(DefaultResponseErrorHandler.java:183)
	at org.springframework.web.client.DefaultResponseErrorHandler.handleError(DefaultResponseErrorHandler.java:137)
	at org.springframework.web.client.ResponseErrorHandler.handleError(ResponseErrorHandler.java:63)
	at org.springframework.web.client.RestTemplate.handleResponse(RestTemplate.java:915)
	at org.springframework.web.client.RestTemplate.doExecute(RestTemplate.java:864)
	at org.springframework.web.client.RestTemplate.execute(RestTemplate.java:764)
	at org.springframework.web.client.RestTemplate.postForObject(RestTemplate.java:481)
	at com.BurakAciker.DefectEntryService.service.RestRequestsServiceImpl.roleCheck(RestRequestsServiceImpl.java:28)
	at com.BurakAciker.DefectEntryService.resource.DefectEntryServiceController.addVehicle(DefectEntryServiceController.java:38)
	at java.base/jdk.internal.reflect.NativeMethodAccessorImpl.invoke0(Native Method)
	at java.base/jdk.internal.reflect.NativeMethodAccessorImpl.invoke(NativeMethodAccessorImpl.java:77)
	at java.base/jdk.internal.reflect.DelegatingMethodAccessorImpl.invoke(DelegatingMethodAccessorImpl.java:43)
	at java.base/java.lang.reflect.Method.invoke(Method.java:568)
	at org.springframework.web.method.support.InvocableHandlerMethod.doInvoke(InvocableHandlerMethod.java:207)
	at org.springframework.web.method.support.InvocableHandlerMethod.invokeForRequest(InvocableHandlerMethod.java:152)
	at org.springframework.web.servlet.mvc.method.annotation.ServletInvocableHandlerMethod.invokeAndHandle(ServletInvocableHandlerMethod.java:117)
	at org.springframework.web.servlet.mvc.method.annotation.RequestMappingHandlerAdapter.invokeHandlerMethod(RequestMappingHandlerAdapter.java:884)
	at org.springframework.web.servlet.mvc.method.annotation.RequestMappingHandlerAdapter.handleInternal(RequestMappingHandlerAdapter.java:797)
	at org.springframework.web.servlet.mvc.method.AbstractHandlerMethodAdapter.handle(AbstractHandlerMethodAdapter.java:87)
	at org.springframework.web.servlet.DispatcherServlet.doDispatch(DispatcherServlet.java:1080)
	at org.springframework.web.servlet.DispatcherServlet.doService(DispatcherServlet.java:973)
	at org.springframework.web.servlet.FrameworkServlet.processRequest(FrameworkServlet.java:1003)
	at org.springframework.web.servlet.FrameworkServlet.doPost(FrameworkServlet.java:906)
	at jakarta.servlet.http.HttpServlet.service(HttpServlet.java:731)
	at org.springframework.web.servlet.FrameworkServlet.service(FrameworkServlet.java:880)
	at jakarta.servlet.http.HttpServlet.service(HttpServlet.java:814)
	at org.apache.catalina.core.ApplicationFilterChain.internalDoFilter(ApplicationFilterChain.java:223)
	at org.apache.catalina.core.ApplicationFilterChain.doFilter(ApplicationFilterChain.java:158)
	at org.apache.tomcat.websocket.server.WsFilter.doFilter(WsFilter.java:53)
	at org.apache.catalina.core.ApplicationFilterChain.internalDoFilter(ApplicationFilterChain.java:185)
	at org.apache.catalina.core.ApplicationFilterChain.doFilter(ApplicationFilterChain.java:158)
	at org.springframework.web.filter.RequestContextFilter.doFilterInternal(RequestContextFilter.java:100)
	at org.springframework.web.filter.OncePerRequestFilter.doFilter(OncePerRequestFilter.java:116)
	at org.apache.catalina.core.ApplicationFilterChain.internalDoFilter(ApplicationFilterChain.java:185)
	at org.apache.catalina.core.ApplicationFilterChain.doFilter(ApplicationFilterChain.java:158)
	at org.springframework.web.filter.FormContentFilter.doFilterInternal(FormContentFilter.java:93)
	at org.springframework.web.filter.OncePerRequestFilter.doFilter(OncePerRequestFilter.java:116)
	at org.apache.catalina.core.ApplicationFilterChain.internalDoFilter(ApplicationFilterChain.java:185)
	at org.apache.catalina.core.ApplicationFilterChain.doFilter(ApplicationFilterChain.java:158)
	at org.springframework.web.filter.CharacterEncodingFilter.doFilterInternal(CharacterEncodingFilter.java:201)
	at org.springframework.web.filter.OncePerRequestFilter.doFilter(OncePerRequestFilter.java:116)
	at org.apache.catalina.core.ApplicationFilterChain.internalDoFilter(ApplicationFilterChain.java:185)
	at org.apache.catalina.core.ApplicationFilterChain.doFilter(ApplicationFilterChain.java:158)
	at org.apache.catalina.core.StandardWrapperValve.invoke(StandardWrapperValve.java:177)
	at org.apache.catalina.core.StandardContextValve.invoke(StandardContextValve.java:97)
	at org.apache.catalina.authenticator.AuthenticatorBase.invoke(AuthenticatorBase.java:542)
	at org.apache.catalina.core.StandardHostValve.invoke(StandardHostValve.java:119)
	at org.apache.catalina.valves.ErrorReportValve.invoke(ErrorReportValve.java:92)
	at org.apache.catalina.core.StandardEngineValve.invoke(StandardEngineValve.java:78)
	at org.apache.catalina.connector.CoyoteAdapter.service(CoyoteAdapter.java:357)
	at org.apache.coyote.http11.Http11Processor.service(Http11Processor.java:400)
	at org.apache.coyote.AbstractProcessorLight.process(AbstractProcessorLight.java:65)
	at org.apache.coyote.AbstractProtocol$ConnectionHandler.process(AbstractProtocol.java:859)
	at org.apache.tomcat.util.net.NioEndpoint$SocketProcessor.doRun(NioEndpoint.java:1734)
	at org.apache.tomcat.util.net.SocketProcessorBase.run(SocketProcessorBase.java:52)
	at org.apache.tomcat.util.threads.ThreadPoolExecutor.runWorker(ThreadPoolExecutor.java:1191)
	at org.apache.tomcat.util.threads.ThreadPoolExecutor$Worker.run(ThreadPoolExecutor.java:659)
	at org.apache.tomcat.util.threads.TaskThread$WrappingRunnable.run(TaskThread.java:61)
	at java.base/java.lang.Thread.run(Thread.java:833)
2023-02-03 23:17:26.071  INFO DESKTOP-0N7MAR7 --- [nio-3004-exec-3] c.B.D.r.DefectEntryServiceController     : New vehicle request received parameters:NewVehicleRequest(model=arabamodeli)
2023-02-03 23:17:26.072  INFO DESKTOP-0N7MAR7 --- [nio-3004-exec-3] c.B.D.r.DefectEntryServiceController     : Role check request sent parameters: role:OPERATOR token:Bearer eyJhbGciOiJIUzM4NCJ9.eyJzdWIiOiJidXJha2FjayIsImlhdCI6MTY3NTQ1NTAyMCwiZXhwIjoxNjc1NDkxMDIwfQ.qkh9CxzbckpYoDPTEw1tnjTjvy4diEaTA4wtXeQYBnyMdetkWQZkmxoNh_v98Hyx
2023-02-03 23:17:26.096  INFO DESKTOP-0N7MAR7 --- [nio-3004-exec-3] c.B.D.s.VehicleDefectServiceImpl         : New vehicle method parameters:NewVehicleRequest(model=arabamodeli)
2023-02-03 23:38:57.923  INFO DESKTOP-0N7MAR7 --- [ionShutdownHook] j.LocalContainerEntityManagerFactoryBean : Closing JPA EntityManagerFactory for persistence unit 'default'
2023-02-03 23:38:57.926  INFO DESKTOP-0N7MAR7 --- [ionShutdownHook] c.z.h.HikariDataSource                   : HikariPool-1 - Shutdown initiated...
2023-02-03 23:38:57.935  INFO DESKTOP-0N7MAR7 --- [ionShutdownHook] c.z.h.HikariDataSource                   : HikariPool-1 - Shutdown completed.
2023-02-04 01:31:08.412  INFO DESKTOP-0N7MAR7 --- [           main] c.B.D.DefectEntryService                 : Starting DefectEntryService using Java 17.0.2 with PID 11800 (C:\Users\burak\OneDrive\Masaüstü\CompleteVehicleQualitySystem\DefectEntryService\target\classes started by burak in C:\Users\burak\OneDrive\Masaüstü\CompleteVehicleQualitySystem)
2023-02-04 01:31:08.448  INFO DESKTOP-0N7MAR7 --- [           main] c.B.D.DefectEntryService                 : No active profile set, falling back to 1 default profile: "default"
2023-02-04 01:31:09.754  INFO DESKTOP-0N7MAR7 --- [           main] .s.d.r.c.RepositoryConfigurationDelegate : Bootstrapping Spring Data JPA repositories in DEFAULT mode.
2023-02-04 01:31:09.888  INFO DESKTOP-0N7MAR7 --- [           main] .s.d.r.c.RepositoryConfigurationDelegate : Finished Spring Data repository scanning in 120 ms. Found 3 JPA repository interfaces.
2023-02-04 01:31:11.081  INFO DESKTOP-0N7MAR7 --- [           main] o.s.b.w.e.t.TomcatWebServer              : Tomcat initialized with port(s): 3004 (http)
2023-02-04 01:31:11.093  INFO DESKTOP-0N7MAR7 --- [           main] o.a.c.h.Http11NioProtocol                : Initializing ProtocolHandler ["http-nio-3004"]
2023-02-04 01:31:11.095  INFO DESKTOP-0N7MAR7 --- [           main] o.a.c.c.StandardService                  : Starting service [Tomcat]
2023-02-04 01:31:11.095  INFO DESKTOP-0N7MAR7 --- [           main] o.a.c.c.StandardEngine                   : Starting Servlet engine: [Apache Tomcat/10.1.5]
2023-02-04 01:31:11.263  INFO DESKTOP-0N7MAR7 --- [           main] o.a.c.c.C.[.[.[/]                        : Initializing Spring embedded WebApplicationContext
2023-02-04 01:31:11.266  INFO DESKTOP-0N7MAR7 --- [           main] w.s.c.ServletWebServerApplicationContext : Root WebApplicationContext: initialization completed in 2711 ms
2023-02-04 01:31:11.600  INFO DESKTOP-0N7MAR7 --- [           main] o.h.j.i.u.LogHelper                      : HHH000204: Processing PersistenceUnitInfo [name: default]
2023-02-04 01:31:11.714  INFO DESKTOP-0N7MAR7 --- [           main] o.h.Version                              : HHH000412: Hibernate ORM core version 6.1.6.Final
2023-02-04 01:31:12.062  WARN DESKTOP-0N7MAR7 --- [           main] o.h.o.deprecation                        : HHH90000021: Encountered deprecated setting [javax.persistence.sharedCache.mode], use [jakarta.persistence.sharedCache.mode] instead
2023-02-04 01:31:12.359  INFO DESKTOP-0N7MAR7 --- [           main] c.z.h.HikariDataSource                   : HikariPool-1 - Starting...
2023-02-04 01:31:12.734  INFO DESKTOP-0N7MAR7 --- [           main] c.z.h.p.HikariPool                       : HikariPool-1 - Added connection org.postgresql.jdbc.PgConnection@6ba6557e
2023-02-04 01:31:12.737  INFO DESKTOP-0N7MAR7 --- [           main] c.z.h.HikariDataSource                   : HikariPool-1 - Start completed.
2023-02-04 01:31:12.795  INFO DESKTOP-0N7MAR7 --- [           main] SQL dialect                              : HHH000400: Using dialect: org.hibernate.dialect.PostgreSQLDialect
2023-02-04 01:31:14.456  INFO DESKTOP-0N7MAR7 --- [           main] o.h.e.t.j.p.i.JtaPlatformInitiator       : HHH000490: Using JtaPlatform implementation: [org.hibernate.engine.transaction.jta.platform.internal.NoJtaPlatform]
2023-02-04 01:31:14.466  INFO DESKTOP-0N7MAR7 --- [           main] j.LocalContainerEntityManagerFactoryBean : Initialized JPA EntityManagerFactory for persistence unit 'default'
2023-02-04 01:31:15.099  WARN DESKTOP-0N7MAR7 --- [           main] JpaBaseConfiguration$JpaWebConfiguration : spring.jpa.open-in-view is enabled by default. Therefore, database queries may be performed during view rendering. Explicitly configure spring.jpa.open-in-view to disable this warning
2023-02-04 01:31:15.642  INFO DESKTOP-0N7MAR7 --- [           main] o.a.c.h.Http11NioProtocol                : Starting ProtocolHandler ["http-nio-3004"]
2023-02-04 01:31:15.680  INFO DESKTOP-0N7MAR7 --- [           main] o.s.b.w.e.t.TomcatWebServer              : Tomcat started on port(s): 3004 (http) with context path ''
2023-02-04 01:31:15.700  INFO DESKTOP-0N7MAR7 --- [           main] c.B.D.DefectEntryService                 : Started DefectEntryService in 8.244 seconds (process running for 11.676)
2023-02-04 01:32:05.208  INFO DESKTOP-0N7MAR7 --- [ionShutdownHook] j.LocalContainerEntityManagerFactoryBean : Closing JPA EntityManagerFactory for persistence unit 'default'
2023-02-04 01:32:05.210  INFO DESKTOP-0N7MAR7 --- [ionShutdownHook] c.z.h.HikariDataSource                   : HikariPool-1 - Shutdown initiated...
2023-02-04 01:32:05.214  INFO DESKTOP-0N7MAR7 --- [ionShutdownHook] c.z.h.HikariDataSource                   : HikariPool-1 - Shutdown completed.
2023-02-04 01:40:11.598  INFO DESKTOP-0N7MAR7 --- [           main] c.B.D.DefectEntryService                 : Starting DefectEntryService using Java 17.0.2 with PID 4668 (C:\Users\burak\OneDrive\Masaüstü\CompleteVehicleQualitySystem\DefectEntryService\target\classes started by burak in C:\Users\burak\OneDrive\Masaüstü\CompleteVehicleQualitySystem)
2023-02-04 01:40:11.610  INFO DESKTOP-0N7MAR7 --- [           main] c.B.D.DefectEntryService                 : No active profile set, falling back to 1 default profile: "default"
2023-02-04 01:40:12.326  INFO DESKTOP-0N7MAR7 --- [           main] .s.d.r.c.RepositoryConfigurationDelegate : Bootstrapping Spring Data JPA repositories in DEFAULT mode.
2023-02-04 01:40:12.418  INFO DESKTOP-0N7MAR7 --- [           main] .s.d.r.c.RepositoryConfigurationDelegate : Finished Spring Data repository scanning in 80 ms. Found 3 JPA repository interfaces.
2023-02-04 01:40:13.154  INFO DESKTOP-0N7MAR7 --- [           main] o.s.b.w.e.t.TomcatWebServer              : Tomcat initialized with port(s): 3004 (http)
2023-02-04 01:40:13.168  INFO DESKTOP-0N7MAR7 --- [           main] o.a.c.h.Http11NioProtocol                : Initializing ProtocolHandler ["http-nio-3004"]
2023-02-04 01:40:13.169  INFO DESKTOP-0N7MAR7 --- [           main] o.a.c.c.StandardService                  : Starting service [Tomcat]
2023-02-04 01:40:13.169  INFO DESKTOP-0N7MAR7 --- [           main] o.a.c.c.StandardEngine                   : Starting Servlet engine: [Apache Tomcat/10.1.5]
2023-02-04 01:40:13.278  INFO DESKTOP-0N7MAR7 --- [           main] o.a.c.c.C.[.[.[/]                        : Initializing Spring embedded WebApplicationContext
2023-02-04 01:40:13.281  INFO DESKTOP-0N7MAR7 --- [           main] w.s.c.ServletWebServerApplicationContext : Root WebApplicationContext: initialization completed in 1618 ms
2023-02-04 01:40:13.505  INFO DESKTOP-0N7MAR7 --- [           main] o.h.j.i.u.LogHelper                      : HHH000204: Processing PersistenceUnitInfo [name: default]
2023-02-04 01:40:13.564  INFO DESKTOP-0N7MAR7 --- [           main] o.h.Version                              : HHH000412: Hibernate ORM core version 6.1.6.Final
2023-02-04 01:40:13.732  WARN DESKTOP-0N7MAR7 --- [           main] o.h.o.deprecation                        : HHH90000021: Encountered deprecated setting [javax.persistence.sharedCache.mode], use [jakarta.persistence.sharedCache.mode] instead
2023-02-04 01:40:13.933  INFO DESKTOP-0N7MAR7 --- [           main] c.z.h.HikariDataSource                   : HikariPool-1 - Starting...
2023-02-04 01:40:14.230  INFO DESKTOP-0N7MAR7 --- [           main] c.z.h.p.HikariPool                       : HikariPool-1 - Added connection org.postgresql.jdbc.PgConnection@507049f2
2023-02-04 01:40:14.235  INFO DESKTOP-0N7MAR7 --- [           main] c.z.h.HikariDataSource                   : HikariPool-1 - Start completed.
2023-02-04 01:40:14.281  INFO DESKTOP-0N7MAR7 --- [           main] SQL dialect                              : HHH000400: Using dialect: org.hibernate.dialect.PostgreSQLDialect
2023-02-04 01:40:15.702  INFO DESKTOP-0N7MAR7 --- [           main] o.h.e.t.j.p.i.JtaPlatformInitiator       : HHH000490: Using JtaPlatform implementation: [org.hibernate.engine.transaction.jta.platform.internal.NoJtaPlatform]
2023-02-04 01:40:15.714  INFO DESKTOP-0N7MAR7 --- [           main] j.LocalContainerEntityManagerFactoryBean : Initialized JPA EntityManagerFactory for persistence unit 'default'
2023-02-04 01:40:16.277  WARN DESKTOP-0N7MAR7 --- [           main] JpaBaseConfiguration$JpaWebConfiguration : spring.jpa.open-in-view is enabled by default. Therefore, database queries may be performed during view rendering. Explicitly configure spring.jpa.open-in-view to disable this warning
2023-02-04 01:40:16.746  INFO DESKTOP-0N7MAR7 --- [           main] o.a.c.h.Http11NioProtocol                : Starting ProtocolHandler ["http-nio-3004"]
2023-02-04 01:40:16.791  INFO DESKTOP-0N7MAR7 --- [           main] o.s.b.w.e.t.TomcatWebServer              : Tomcat started on port(s): 3004 (http) with context path ''
2023-02-04 01:40:16.804  INFO DESKTOP-0N7MAR7 --- [           main] c.B.D.DefectEntryService                 : Started DefectEntryService in 5.663 seconds (process running for 6.616)
2023-02-04 01:40:21.314  INFO DESKTOP-0N7MAR7 --- [nio-3004-exec-1] o.a.c.c.C.[.[.[/]                        : Initializing Spring DispatcherServlet 'dispatcherServlet'
2023-02-04 01:40:21.315  INFO DESKTOP-0N7MAR7 --- [nio-3004-exec-1] o.s.w.s.DispatcherServlet                : Initializing Servlet 'dispatcherServlet'
2023-02-04 01:40:21.316  INFO DESKTOP-0N7MAR7 --- [nio-3004-exec-1] o.s.w.s.DispatcherServlet                : Completed initialization in 1 ms
2023-02-04 01:40:21.479  INFO DESKTOP-0N7MAR7 --- [nio-3004-exec-1] c.B.D.r.DefectEntryServiceController     : New entry request received parameters:NewEntryRequest(vehicleId=1, defectName=Cizik, description=Boya sökülmesi, operatorName=operatorname, x=32, y=47, image=resimdatası)
2023-02-04 01:40:21.492  INFO DESKTOP-0N7MAR7 --- [nio-3004-exec-1] c.B.D.r.DefectEntryServiceController     : Role check request sent parameters: role:OPERATOR token:Bearer eyJhbGciOiJIUzM4NCJ9.eyJzdWIiOiJidXJha2FjayIsImlhdCI6MTY3NTQ2Mzk2NywiZXhwIjoxNjc1NDk5OTY3fQ.fgjUCEdhoSmiLafuPVFUFqK0UJx3dwAO4ESvpy4SgrkftidRuTh21UUFiurWGjw9
2023-02-04 01:40:21.587  INFO DESKTOP-0N7MAR7 --- [nio-3004-exec-1] c.B.D.s.VehicleDefectServiceImpl         : New vehicle defect method parameters: Defectname:Cizik   DefectnameDescriptionBoya sökülmesi
2023-02-04 01:40:21.653  INFO DESKTOP-0N7MAR7 --- [nio-3004-exec-1] c.B.D.s.VehicleDefectServiceImpl         : Add location to vehicle defect method parameters: VehicleDefectId:12   X:32   Y:47   Image:resimdatası
2023-02-04 01:40:21.669  INFO DESKTOP-0N7MAR7 --- [nio-3004-exec-1] c.B.D.s.VehicleDefectServiceImpl         : New location method parameters: Location:Location(id=null, x=32, y=47, image=resimdatası)
2023-02-04 01:40:21.684  INFO DESKTOP-0N7MAR7 --- [nio-3004-exec-1] c.B.D.s.VehicleDefectServiceImpl         : Add vehicle defect to vehicle method parameters: VehicleId:1   VehicleDefectId12
2023-02-04 01:52:01.838  INFO DESKTOP-0N7MAR7 --- [nio-3004-exec-5] c.B.D.r.DefectEntryServiceController     : New entry request received parameters:NewEntryRequest(vehicleId=1, defectName=Cizik, description=Boya sökülmesi, operatorName=operatorname, x=32, y=47, image=resimdatası)
2023-02-04 01:52:01.839  INFO DESKTOP-0N7MAR7 --- [nio-3004-exec-5] c.B.D.r.DefectEntryServiceController     : Role check request sent parameters: role:OPERATOR token:Bearer eyJhbGciOiJIUzM4NCJ9.eyJzdWIiOiJidXJha2FjayIsImlhdCI6MTY3NTQ2Mzk2NywiZXhwIjoxNjc1NDk5OTY3fQ.fgjUCEdhoSmiLafuPVFUFqK0UJx3dwAO4ESvpy4SgrkftidRuTh21UUFiurWGjw9
2023-02-04 01:52:01.860  INFO DESKTOP-0N7MAR7 --- [nio-3004-exec-5] c.B.D.s.VehicleDefectServiceImpl         : New vehicle defect method parameters: Defectname:Cizik   DefectnameDescriptionBoya sökülmesi
2023-02-04 01:52:01.868  INFO DESKTOP-0N7MAR7 --- [nio-3004-exec-5] c.B.D.s.VehicleDefectServiceImpl         : Add location to vehicle defect method parameters: VehicleDefectId:13   X:32   Y:47   Image:resimdatası
2023-02-04 01:52:01.868  INFO DESKTOP-0N7MAR7 --- [nio-3004-exec-5] c.B.D.s.VehicleDefectServiceImpl         : New location method parameters: Location:Location(id=null, x=32, y=47, image=resimdatası)
2023-02-04 01:52:01.871  INFO DESKTOP-0N7MAR7 --- [nio-3004-exec-5] c.B.D.s.VehicleDefectServiceImpl         : Add vehicle defect to vehicle method parameters: VehicleId:1   VehicleDefectId13
2023-02-04 01:52:08.141  INFO DESKTOP-0N7MAR7 --- [nio-3004-exec-6] c.B.D.r.DefectEntryServiceController     : New entry request received parameters:NewEntryRequest(vehicleId=5, defectName=Cizik, description=Boya sökülmesi, operatorName=operatorname, x=32, y=47, image=resimdatası)
2023-02-04 01:52:08.143  INFO DESKTOP-0N7MAR7 --- [nio-3004-exec-6] c.B.D.r.DefectEntryServiceController     : Role check request sent parameters: role:OPERATOR token:Bearer eyJhbGciOiJIUzM4NCJ9.eyJzdWIiOiJidXJha2FjayIsImlhdCI6MTY3NTQ2Mzk2NywiZXhwIjoxNjc1NDk5OTY3fQ.fgjUCEdhoSmiLafuPVFUFqK0UJx3dwAO4ESvpy4SgrkftidRuTh21UUFiurWGjw9
2023-02-04 01:52:08.164  INFO DESKTOP-0N7MAR7 --- [nio-3004-exec-6] c.B.D.s.VehicleDefectServiceImpl         : New vehicle defect method parameters: Defectname:Cizik   DefectnameDescriptionBoya sökülmesi
2023-02-04 01:52:08.171  INFO DESKTOP-0N7MAR7 --- [nio-3004-exec-6] c.B.D.s.VehicleDefectServiceImpl         : Add location to vehicle defect method parameters: VehicleDefectId:14   X:32   Y:47   Image:resimdatası
2023-02-04 01:52:08.172  INFO DESKTOP-0N7MAR7 --- [nio-3004-exec-6] c.B.D.s.VehicleDefectServiceImpl         : New location method parameters: Location:Location(id=null, x=32, y=47, image=resimdatası)
2023-02-04 01:52:08.173  INFO DESKTOP-0N7MAR7 --- [nio-3004-exec-6] c.B.D.s.VehicleDefectServiceImpl         : Add vehicle defect to vehicle method parameters: VehicleId:5   VehicleDefectId14
2023-02-04 01:53:45.543  INFO DESKTOP-0N7MAR7 --- [ionShutdownHook] j.LocalContainerEntityManagerFactoryBean : Closing JPA EntityManagerFactory for persistence unit 'default'
2023-02-04 01:53:45.546  INFO DESKTOP-0N7MAR7 --- [ionShutdownHook] c.z.h.HikariDataSource                   : HikariPool-1 - Shutdown initiated...
2023-02-04 01:53:45.549  INFO DESKTOP-0N7MAR7 --- [ionShutdownHook] c.z.h.HikariDataSource                   : HikariPool-1 - Shutdown completed.
