2023-02-03 02:01:48.982  INFO DESKTOP-0N7MAR7 --- [           main] c.B.T.TerminalService                    : Starting TerminalService using Java 17.0.5 with PID 18408 (C:\Users\burak\OneDrive\Masaüstü\CompleteVehicleQualitySystem\TerminalService\target\classes started by burak in C:\Users\burak\OneDrive\Masaüstü\CompleteVehicleQualitySystem)
2023-02-03 02:01:49.024  INFO DESKTOP-0N7MAR7 --- [           main] c.B.T.TerminalService                    : No active profile set, falling back to 1 default profile: "default"
2023-02-03 02:01:50.683  INFO DESKTOP-0N7MAR7 --- [           main] .s.d.r.c.RepositoryConfigurationDelegate : Bootstrapping Spring Data JPA repositories in DEFAULT mode.
2023-02-03 02:01:50.743  INFO DESKTOP-0N7MAR7 --- [           main] .s.d.r.c.RepositoryConfigurationDelegate : Finished Spring Data repository scanning in 34 ms. Found 0 JPA repository interfaces.
2023-02-03 02:01:52.501  INFO DESKTOP-0N7MAR7 --- [           main] o.s.b.w.e.t.TomcatWebServer              : Tomcat initialized with port(s): 3001 (http)
2023-02-03 02:01:52.542  INFO DESKTOP-0N7MAR7 --- [           main] o.a.c.h.Http11NioProtocol                : Initializing ProtocolHandler ["http-nio-3001"]
2023-02-03 02:01:52.545  INFO DESKTOP-0N7MAR7 --- [           main] o.a.c.c.StandardService                  : Starting service [Tomcat]
2023-02-03 02:01:52.548  INFO DESKTOP-0N7MAR7 --- [           main] o.a.c.c.StandardEngine                   : Starting Servlet engine: [Apache Tomcat/10.1.5]
2023-02-03 02:01:52.872  INFO DESKTOP-0N7MAR7 --- [           main] o.a.c.c.C.[.[.[/]                        : Initializing Spring embedded WebApplicationContext
2023-02-03 02:01:52.876  INFO DESKTOP-0N7MAR7 --- [           main] w.s.c.ServletWebServerApplicationContext : Root WebApplicationContext: initialization completed in 3688 ms
2023-02-03 02:01:53.369  INFO DESKTOP-0N7MAR7 --- [           main] o.h.j.i.u.LogHelper                      : HHH000204: Processing PersistenceUnitInfo [name: default]
2023-02-03 02:01:53.515  INFO DESKTOP-0N7MAR7 --- [           main] o.h.Version                              : HHH000412: Hibernate ORM core version 6.1.6.Final
2023-02-03 02:01:54.038  WARN DESKTOP-0N7MAR7 --- [           main] o.h.o.deprecation                        : HHH90000021: Encountered deprecated setting [javax.persistence.sharedCache.mode], use [jakarta.persistence.sharedCache.mode] instead
2023-02-03 02:01:54.434  INFO DESKTOP-0N7MAR7 --- [           main] c.z.h.HikariDataSource                   : HikariPool-1 - Starting...
2023-02-03 02:01:55.080  INFO DESKTOP-0N7MAR7 --- [           main] c.z.h.p.HikariPool                       : HikariPool-1 - Added connection org.postgresql.jdbc.PgConnection@7cdb7fc
2023-02-03 02:01:55.085  INFO DESKTOP-0N7MAR7 --- [           main] c.z.h.HikariDataSource                   : HikariPool-1 - Start completed.
2023-02-03 02:01:55.211  INFO DESKTOP-0N7MAR7 --- [           main] SQL dialect                              : HHH000400: Using dialect: org.hibernate.dialect.PostgreSQLDialect
2023-02-03 02:01:56.173  INFO DESKTOP-0N7MAR7 --- [           main] o.h.e.t.j.p.i.JtaPlatformInitiator       : HHH000490: Using JtaPlatform implementation: [org.hibernate.engine.transaction.jta.platform.internal.NoJtaPlatform]
2023-02-03 02:01:56.206  INFO DESKTOP-0N7MAR7 --- [           main] j.LocalContainerEntityManagerFactoryBean : Initialized JPA EntityManagerFactory for persistence unit 'default'
2023-02-03 02:01:56.355  WARN DESKTOP-0N7MAR7 --- [           main] JpaBaseConfiguration$JpaWebConfiguration : spring.jpa.open-in-view is enabled by default. Therefore, database queries may be performed during view rendering. Explicitly configure spring.jpa.open-in-view to disable this warning
2023-02-03 02:01:57.495  INFO DESKTOP-0N7MAR7 --- [           main] o.a.c.h.Http11NioProtocol                : Starting ProtocolHandler ["http-nio-3001"]
2023-02-03 02:01:57.570  INFO DESKTOP-0N7MAR7 --- [           main] o.s.b.w.e.t.TomcatWebServer              : Tomcat started on port(s): 3001 (http) with context path ''
2023-02-03 02:01:57.599  INFO DESKTOP-0N7MAR7 --- [           main] c.B.T.TerminalService                    : Started TerminalService in 9.538 seconds (process running for 10.89)
2023-02-03 23:09:37.513  INFO DESKTOP-0N7MAR7 --- [           main] c.B.T.TerminalService                    : Starting TerminalService using Java 17.0.5 with PID 19004 (C:\Users\burak\OneDrive\Masaüstü\CompleteVehicleQualitySystem\TerminalService\target\classes started by burak in C:\Users\burak\OneDrive\Masaüstü\CompleteVehicleQualitySystem)
2023-02-03 23:09:37.533  INFO DESKTOP-0N7MAR7 --- [           main] c.B.T.TerminalService                    : No active profile set, falling back to 1 default profile: "default"
2023-02-03 23:09:38.487  INFO DESKTOP-0N7MAR7 --- [           main] .s.d.r.c.RepositoryConfigurationDelegate : Bootstrapping Spring Data JPA repositories in DEFAULT mode.
2023-02-03 23:09:38.512  INFO DESKTOP-0N7MAR7 --- [           main] .s.d.r.c.RepositoryConfigurationDelegate : Finished Spring Data repository scanning in 15 ms. Found 0 JPA repository interfaces.
2023-02-03 23:09:39.505  INFO DESKTOP-0N7MAR7 --- [           main] o.s.b.w.e.t.TomcatWebServer              : Tomcat initialized with port(s): 3001 (http)
2023-02-03 23:09:39.526  INFO DESKTOP-0N7MAR7 --- [           main] o.a.c.h.Http11NioProtocol                : Initializing ProtocolHandler ["http-nio-3001"]
2023-02-03 23:09:39.527  INFO DESKTOP-0N7MAR7 --- [           main] o.a.c.c.StandardService                  : Starting service [Tomcat]
2023-02-03 23:09:39.529  INFO DESKTOP-0N7MAR7 --- [           main] o.a.c.c.StandardEngine                   : Starting Servlet engine: [Apache Tomcat/10.1.5]
2023-02-03 23:09:39.656  INFO DESKTOP-0N7MAR7 --- [           main] o.a.c.c.C.[.[.[/]                        : Initializing Spring embedded WebApplicationContext
2023-02-03 23:09:39.658  INFO DESKTOP-0N7MAR7 --- [           main] w.s.c.ServletWebServerApplicationContext : Root WebApplicationContext: initialization completed in 2049 ms
2023-02-03 23:09:39.900  INFO DESKTOP-0N7MAR7 --- [           main] o.h.j.i.u.LogHelper                      : HHH000204: Processing PersistenceUnitInfo [name: default]
2023-02-03 23:09:40.007  INFO DESKTOP-0N7MAR7 --- [           main] o.h.Version                              : HHH000412: Hibernate ORM core version 6.1.6.Final
2023-02-03 23:09:40.276  WARN DESKTOP-0N7MAR7 --- [           main] o.h.o.deprecation                        : HHH90000021: Encountered deprecated setting [javax.persistence.sharedCache.mode], use [jakarta.persistence.sharedCache.mode] instead
2023-02-03 23:09:40.484  INFO DESKTOP-0N7MAR7 --- [           main] c.z.h.HikariDataSource                   : HikariPool-1 - Starting...
2023-02-03 23:09:40.807  INFO DESKTOP-0N7MAR7 --- [           main] c.z.h.p.HikariPool                       : HikariPool-1 - Added connection org.postgresql.jdbc.PgConnection@1d1bf7bf
2023-02-03 23:09:40.810  INFO DESKTOP-0N7MAR7 --- [           main] c.z.h.HikariDataSource                   : HikariPool-1 - Start completed.
2023-02-03 23:09:40.878  INFO DESKTOP-0N7MAR7 --- [           main] SQL dialect                              : HHH000400: Using dialect: org.hibernate.dialect.PostgreSQLDialect
2023-02-03 23:09:41.368  INFO DESKTOP-0N7MAR7 --- [           main] o.h.e.t.j.p.i.JtaPlatformInitiator       : HHH000490: Using JtaPlatform implementation: [org.hibernate.engine.transaction.jta.platform.internal.NoJtaPlatform]
2023-02-03 23:09:41.384  INFO DESKTOP-0N7MAR7 --- [           main] j.LocalContainerEntityManagerFactoryBean : Initialized JPA EntityManagerFactory for persistence unit 'default'
2023-02-03 23:09:41.454  WARN DESKTOP-0N7MAR7 --- [           main] JpaBaseConfiguration$JpaWebConfiguration : spring.jpa.open-in-view is enabled by default. Therefore, database queries may be performed during view rendering. Explicitly configure spring.jpa.open-in-view to disable this warning
2023-02-03 23:09:42.462  INFO DESKTOP-0N7MAR7 --- [           main] o.a.c.h.Http11NioProtocol                : Starting ProtocolHandler ["http-nio-3001"]
2023-02-03 23:09:42.543  INFO DESKTOP-0N7MAR7 --- [           main] o.s.b.w.e.t.TomcatWebServer              : Tomcat started on port(s): 3001 (http) with context path ''
2023-02-03 23:09:42.580  INFO DESKTOP-0N7MAR7 --- [           main] c.B.T.TerminalService                    : Started TerminalService in 5.668 seconds (process running for 6.704)
2023-02-03 23:38:57.213  INFO DESKTOP-0N7MAR7 --- [ionShutdownHook] j.LocalContainerEntityManagerFactoryBean : Closing JPA EntityManagerFactory for persistence unit 'default'
2023-02-03 23:38:57.227  INFO DESKTOP-0N7MAR7 --- [ionShutdownHook] c.z.h.HikariDataSource                   : HikariPool-1 - Shutdown initiated...
2023-02-03 23:38:57.234  INFO DESKTOP-0N7MAR7 --- [ionShutdownHook] c.z.h.HikariDataSource                   : HikariPool-1 - Shutdown completed.
2023-02-04 01:30:46.676  INFO DESKTOP-0N7MAR7 --- [           main] c.B.T.TerminalService                    : Starting TerminalService using Java 17.0.5 with PID 14916 (C:\Users\burak\OneDrive\Masaüstü\CompleteVehicleQualitySystem\TerminalService\target\classes started by burak in C:\Users\burak\OneDrive\Masaüstü\CompleteVehicleQualitySystem)
2023-02-04 01:30:46.707  INFO DESKTOP-0N7MAR7 --- [           main] c.B.T.TerminalService                    : No active profile set, falling back to 1 default profile: "default"
2023-02-04 01:30:48.900  INFO DESKTOP-0N7MAR7 --- [           main] .s.d.r.c.RepositoryConfigurationDelegate : Bootstrapping Spring Data JPA repositories in DEFAULT mode.
2023-02-04 01:30:48.955  INFO DESKTOP-0N7MAR7 --- [           main] .s.d.r.c.RepositoryConfigurationDelegate : Finished Spring Data repository scanning in 33 ms. Found 0 JPA repository interfaces.
2023-02-04 01:30:50.665  INFO DESKTOP-0N7MAR7 --- [           main] o.s.b.w.e.t.TomcatWebServer              : Tomcat initialized with port(s): 3001 (http)
2023-02-04 01:30:50.698  INFO DESKTOP-0N7MAR7 --- [           main] o.a.c.h.Http11NioProtocol                : Initializing ProtocolHandler ["http-nio-3001"]
2023-02-04 01:30:50.702  INFO DESKTOP-0N7MAR7 --- [           main] o.a.c.c.StandardService                  : Starting service [Tomcat]
2023-02-04 01:30:50.704  INFO DESKTOP-0N7MAR7 --- [           main] o.a.c.c.StandardEngine                   : Starting Servlet engine: [Apache Tomcat/10.1.5]
2023-02-04 01:30:51.008  INFO DESKTOP-0N7MAR7 --- [           main] o.a.c.c.C.[.[.[/]                        : Initializing Spring embedded WebApplicationContext
2023-02-04 01:30:51.013  INFO DESKTOP-0N7MAR7 --- [           main] w.s.c.ServletWebServerApplicationContext : Root WebApplicationContext: initialization completed in 4169 ms
2023-02-04 01:30:51.564  INFO DESKTOP-0N7MAR7 --- [           main] o.h.j.i.u.LogHelper                      : HHH000204: Processing PersistenceUnitInfo [name: default]
2023-02-04 01:30:51.741  INFO DESKTOP-0N7MAR7 --- [           main] o.h.Version                              : HHH000412: Hibernate ORM core version 6.1.6.Final
2023-02-04 01:30:52.312  WARN DESKTOP-0N7MAR7 --- [           main] o.h.o.deprecation                        : HHH90000021: Encountered deprecated setting [javax.persistence.sharedCache.mode], use [jakarta.persistence.sharedCache.mode] instead
2023-02-04 01:30:52.765  INFO DESKTOP-0N7MAR7 --- [           main] c.z.h.HikariDataSource                   : HikariPool-1 - Starting...
2023-02-04 01:30:53.392  INFO DESKTOP-0N7MAR7 --- [           main] c.z.h.p.HikariPool                       : HikariPool-1 - Added connection org.postgresql.jdbc.PgConnection@10e56da9
2023-02-04 01:30:53.397  INFO DESKTOP-0N7MAR7 --- [           main] c.z.h.HikariDataSource                   : HikariPool-1 - Start completed.
2023-02-04 01:30:53.496  INFO DESKTOP-0N7MAR7 --- [           main] SQL dialect                              : HHH000400: Using dialect: org.hibernate.dialect.PostgreSQLDialect
2023-02-04 01:30:54.575  INFO DESKTOP-0N7MAR7 --- [           main] o.h.e.t.j.p.i.JtaPlatformInitiator       : HHH000490: Using JtaPlatform implementation: [org.hibernate.engine.transaction.jta.platform.internal.NoJtaPlatform]
2023-02-04 01:30:54.623  INFO DESKTOP-0N7MAR7 --- [           main] j.LocalContainerEntityManagerFactoryBean : Initialized JPA EntityManagerFactory for persistence unit 'default'
2023-02-04 01:30:54.779  WARN DESKTOP-0N7MAR7 --- [           main] JpaBaseConfiguration$JpaWebConfiguration : spring.jpa.open-in-view is enabled by default. Therefore, database queries may be performed during view rendering. Explicitly configure spring.jpa.open-in-view to disable this warning
2023-02-04 01:30:55.995  INFO DESKTOP-0N7MAR7 --- [           main] o.a.c.h.Http11NioProtocol                : Starting ProtocolHandler ["http-nio-3001"]
2023-02-04 01:30:56.053  INFO DESKTOP-0N7MAR7 --- [           main] o.s.b.w.e.t.TomcatWebServer              : Tomcat started on port(s): 3001 (http) with context path ''
2023-02-04 01:30:56.085  INFO DESKTOP-0N7MAR7 --- [           main] c.B.T.TerminalService                    : Started TerminalService in 10.524 seconds (process running for 12.914)
2023-02-04 01:53:45.480  INFO DESKTOP-0N7MAR7 --- [ionShutdownHook] j.LocalContainerEntityManagerFactoryBean : Closing JPA EntityManagerFactory for persistence unit 'default'
2023-02-04 01:53:45.482  INFO DESKTOP-0N7MAR7 --- [ionShutdownHook] c.z.h.HikariDataSource                   : HikariPool-1 - Shutdown initiated...
2023-02-04 01:53:45.488  INFO DESKTOP-0N7MAR7 --- [ionShutdownHook] c.z.h.HikariDataSource                   : HikariPool-1 - Shutdown completed.
