2023-02-03 02:02:08.923  INFO DESKTOP-0N7MAR7 --- [           main] c.B.U.UserManagementService              : Starting UserManagementService using Java 17.0.2 with PID 19728 (C:\Users\burak\OneDrive\Masaüstü\CompleteVehicleQualitySystem\UserManagementService\target\classes started by burak in C:\Users\burak\OneDrive\Masaüstü\CompleteVehicleQualitySystem)
2023-02-03 02:02:08.946  INFO DESKTOP-0N7MAR7 --- [           main] c.B.U.UserManagementService              : No active profile set, falling back to 1 default profile: "default"
2023-02-03 02:02:10.296  INFO DESKTOP-0N7MAR7 --- [           main] .s.d.r.c.RepositoryConfigurationDelegate : Bootstrapping Spring Data JPA repositories in DEFAULT mode.
2023-02-03 02:02:10.451  INFO DESKTOP-0N7MAR7 --- [           main] .s.d.r.c.RepositoryConfigurationDelegate : Finished Spring Data repository scanning in 134 ms. Found 2 JPA repository interfaces.
2023-02-03 02:02:11.823  INFO DESKTOP-0N7MAR7 --- [           main] o.s.b.w.e.t.TomcatWebServer              : Tomcat initialized with port(s): 3002 (http)
2023-02-03 02:02:11.846  INFO DESKTOP-0N7MAR7 --- [           main] o.a.c.h.Http11NioProtocol                : Initializing ProtocolHandler ["http-nio-3002"]
2023-02-03 02:02:11.848  INFO DESKTOP-0N7MAR7 --- [           main] o.a.c.c.StandardService                  : Starting service [Tomcat]
2023-02-03 02:02:11.849  INFO DESKTOP-0N7MAR7 --- [           main] o.a.c.c.StandardEngine                   : Starting Servlet engine: [Apache Tomcat/10.1.5]
2023-02-03 02:02:12.054  INFO DESKTOP-0N7MAR7 --- [           main] o.a.c.c.C.[.[.[/]                        : Initializing Spring embedded WebApplicationContext
2023-02-03 02:02:12.058  INFO DESKTOP-0N7MAR7 --- [           main] w.s.c.ServletWebServerApplicationContext : Root WebApplicationContext: initialization completed in 3011 ms
2023-02-03 02:02:12.431  INFO DESKTOP-0N7MAR7 --- [           main] o.h.j.i.u.LogHelper                      : HHH000204: Processing PersistenceUnitInfo [name: default]
2023-02-03 02:02:12.531  INFO DESKTOP-0N7MAR7 --- [           main] o.h.Version                              : HHH000412: Hibernate ORM core version 6.1.6.Final
2023-02-03 02:02:12.906  WARN DESKTOP-0N7MAR7 --- [           main] o.h.o.deprecation                        : HHH90000021: Encountered deprecated setting [javax.persistence.sharedCache.mode], use [jakarta.persistence.sharedCache.mode] instead
2023-02-03 02:02:13.192  INFO DESKTOP-0N7MAR7 --- [           main] c.z.h.HikariDataSource                   : HikariPool-1 - Starting...
2023-02-03 02:02:13.622  INFO DESKTOP-0N7MAR7 --- [           main] c.z.h.p.HikariPool                       : HikariPool-1 - Added connection org.postgresql.jdbc.PgConnection@3356ff58
2023-02-03 02:02:13.625  INFO DESKTOP-0N7MAR7 --- [           main] c.z.h.HikariDataSource                   : HikariPool-1 - Start completed.
2023-02-03 02:02:13.704  INFO DESKTOP-0N7MAR7 --- [           main] SQL dialect                              : HHH000400: Using dialect: org.hibernate.dialect.PostgreSQLDialect
2023-02-03 02:02:15.452  INFO DESKTOP-0N7MAR7 --- [           main] o.h.e.t.j.p.i.JtaPlatformInitiator       : HHH000490: Using JtaPlatform implementation: [org.hibernate.engine.transaction.jta.platform.internal.NoJtaPlatform]
2023-02-03 02:02:15.468  INFO DESKTOP-0N7MAR7 --- [           main] j.LocalContainerEntityManagerFactoryBean : Initialized JPA EntityManagerFactory for persistence unit 'default'
2023-02-03 02:02:16.526  WARN DESKTOP-0N7MAR7 --- [           main] JpaBaseConfiguration$JpaWebConfiguration : spring.jpa.open-in-view is enabled by default. Therefore, database queries may be performed during view rendering. Explicitly configure spring.jpa.open-in-view to disable this warning
2023-02-03 02:02:17.270  INFO DESKTOP-0N7MAR7 --- [           main] o.a.c.h.Http11NioProtocol                : Starting ProtocolHandler ["http-nio-3002"]
2023-02-03 02:02:17.320  INFO DESKTOP-0N7MAR7 --- [           main] o.s.b.w.e.t.TomcatWebServer              : Tomcat started on port(s): 3002 (http) with context path ''
2023-02-03 02:02:17.339  INFO DESKTOP-0N7MAR7 --- [           main] c.B.U.UserManagementService              : Started UserManagementService in 9.239 seconds (process running for 11.166)
2023-02-03 02:02:17.358  INFO DESKTOP-0N7MAR7 --- [           main] c.B.U.s.AppUserServiceImpl               : Registering user:RegisterRequest(name=adminname, surname=adminsurname, username=toyota, password=123toyota123, email=toyota@gmail.com)
2023-02-03 02:02:17.683 ERROR DESKTOP-0N7MAR7 --- [           main] c.B.U.s.AppUserServiceImpl               : Username already exists.
2023-02-03 02:11:44.154  INFO DESKTOP-0N7MAR7 --- [ionShutdownHook] j.LocalContainerEntityManagerFactoryBean : Closing JPA EntityManagerFactory for persistence unit 'default'
2023-02-03 02:11:44.156  INFO DESKTOP-0N7MAR7 --- [ionShutdownHook] c.z.h.HikariDataSource                   : HikariPool-1 - Shutdown initiated...
2023-02-03 02:11:44.158  INFO DESKTOP-0N7MAR7 --- [ionShutdownHook] c.z.h.HikariDataSource                   : HikariPool-1 - Shutdown completed.
2023-02-03 02:11:49.632  INFO DESKTOP-0N7MAR7 --- [           main] c.B.U.UserManagementService              : Starting UserManagementService using Java 17.0.2 with PID 19428 (C:\Users\burak\OneDrive\Masaüstü\CompleteVehicleQualitySystem\UserManagementService\target\classes started by burak in C:\Users\burak\OneDrive\Masaüstü\CompleteVehicleQualitySystem)
2023-02-03 02:11:49.666  INFO DESKTOP-0N7MAR7 --- [           main] c.B.U.UserManagementService              : No active profile set, falling back to 1 default profile: "default"
2023-02-03 02:11:50.801  INFO DESKTOP-0N7MAR7 --- [           main] .s.d.r.c.RepositoryConfigurationDelegate : Bootstrapping Spring Data JPA repositories in DEFAULT mode.
2023-02-03 02:11:50.914  INFO DESKTOP-0N7MAR7 --- [           main] .s.d.r.c.RepositoryConfigurationDelegate : Finished Spring Data repository scanning in 100 ms. Found 2 JPA repository interfaces.
2023-02-03 02:11:52.217  INFO DESKTOP-0N7MAR7 --- [           main] o.s.b.w.e.t.TomcatWebServer              : Tomcat initialized with port(s): 3002 (http)
2023-02-03 02:11:52.241  INFO DESKTOP-0N7MAR7 --- [           main] o.a.c.h.Http11NioProtocol                : Initializing ProtocolHandler ["http-nio-3002"]
2023-02-03 02:11:52.245  INFO DESKTOP-0N7MAR7 --- [           main] o.a.c.c.StandardService                  : Starting service [Tomcat]
2023-02-03 02:11:52.247  INFO DESKTOP-0N7MAR7 --- [           main] o.a.c.c.StandardEngine                   : Starting Servlet engine: [Apache Tomcat/10.1.5]
2023-02-03 02:11:52.466  INFO DESKTOP-0N7MAR7 --- [           main] o.a.c.c.C.[.[.[/]                        : Initializing Spring embedded WebApplicationContext
2023-02-03 02:11:52.471  INFO DESKTOP-0N7MAR7 --- [           main] w.s.c.ServletWebServerApplicationContext : Root WebApplicationContext: initialization completed in 2707 ms
2023-02-03 02:11:52.850  INFO DESKTOP-0N7MAR7 --- [           main] o.h.j.i.u.LogHelper                      : HHH000204: Processing PersistenceUnitInfo [name: default]
2023-02-03 02:11:52.955  INFO DESKTOP-0N7MAR7 --- [           main] o.h.Version                              : HHH000412: Hibernate ORM core version 6.1.6.Final
2023-02-03 02:11:53.276  WARN DESKTOP-0N7MAR7 --- [           main] o.h.o.deprecation                        : HHH90000021: Encountered deprecated setting [javax.persistence.sharedCache.mode], use [jakarta.persistence.sharedCache.mode] instead
2023-02-03 02:11:53.554  INFO DESKTOP-0N7MAR7 --- [           main] c.z.h.HikariDataSource                   : HikariPool-1 - Starting...
2023-02-03 02:11:53.917  INFO DESKTOP-0N7MAR7 --- [           main] c.z.h.p.HikariPool                       : HikariPool-1 - Added connection org.postgresql.jdbc.PgConnection@21c75084
2023-02-03 02:11:53.923  INFO DESKTOP-0N7MAR7 --- [           main] c.z.h.HikariDataSource                   : HikariPool-1 - Start completed.
2023-02-03 02:11:54.006  INFO DESKTOP-0N7MAR7 --- [           main] SQL dialect                              : HHH000400: Using dialect: org.hibernate.dialect.PostgreSQLDialect
2023-02-03 02:11:55.450  INFO DESKTOP-0N7MAR7 --- [           main] o.h.e.t.j.p.i.JtaPlatformInitiator       : HHH000490: Using JtaPlatform implementation: [org.hibernate.engine.transaction.jta.platform.internal.NoJtaPlatform]
2023-02-03 02:11:55.461  INFO DESKTOP-0N7MAR7 --- [           main] j.LocalContainerEntityManagerFactoryBean : Initialized JPA EntityManagerFactory for persistence unit 'default'
2023-02-03 02:11:56.142  WARN DESKTOP-0N7MAR7 --- [           main] JpaBaseConfiguration$JpaWebConfiguration : spring.jpa.open-in-view is enabled by default. Therefore, database queries may be performed during view rendering. Explicitly configure spring.jpa.open-in-view to disable this warning
2023-02-03 02:11:56.626  INFO DESKTOP-0N7MAR7 --- [           main] o.a.c.h.Http11NioProtocol                : Starting ProtocolHandler ["http-nio-3002"]
2023-02-03 02:11:56.660  INFO DESKTOP-0N7MAR7 --- [           main] o.s.b.w.e.t.TomcatWebServer              : Tomcat started on port(s): 3002 (http) with context path ''
2023-02-03 02:11:56.679  INFO DESKTOP-0N7MAR7 --- [           main] c.B.U.UserManagementService              : Started UserManagementService in 7.937 seconds (process running for 9.127)
2023-02-03 02:11:56.697  INFO DESKTOP-0N7MAR7 --- [           main] c.B.U.s.AppUserServiceImpl               : Registering user:RegisterRequest(name=adminname, surname=adminsurname, username=toyota, password=123toyota123, email=toyota@gmail.com)
2023-02-03 02:11:56.977 ERROR DESKTOP-0N7MAR7 --- [           main] c.B.U.s.AppUserServiceImpl               : Username already exists.
2023-02-03 02:12:08.217  INFO DESKTOP-0N7MAR7 --- [ionShutdownHook] j.LocalContainerEntityManagerFactoryBean : Closing JPA EntityManagerFactory for persistence unit 'default'
2023-02-03 02:12:08.221  INFO DESKTOP-0N7MAR7 --- [ionShutdownHook] c.z.h.HikariDataSource                   : HikariPool-1 - Shutdown initiated...
2023-02-03 02:12:08.232  INFO DESKTOP-0N7MAR7 --- [ionShutdownHook] c.z.h.HikariDataSource                   : HikariPool-1 - Shutdown completed.
2023-02-03 02:12:14.138  INFO DESKTOP-0N7MAR7 --- [           main] c.B.U.UserManagementService              : Starting UserManagementService using Java 17.0.2 with PID 18696 (C:\Users\burak\OneDrive\Masaüstü\CompleteVehicleQualitySystem\UserManagementService\target\classes started by burak in C:\Users\burak\OneDrive\Masaüstü\CompleteVehicleQualitySystem)
2023-02-03 02:12:14.164  INFO DESKTOP-0N7MAR7 --- [           main] c.B.U.UserManagementService              : No active profile set, falling back to 1 default profile: "default"
2023-02-03 02:12:15.291  INFO DESKTOP-0N7MAR7 --- [           main] .s.d.r.c.RepositoryConfigurationDelegate : Bootstrapping Spring Data JPA repositories in DEFAULT mode.
2023-02-03 02:12:15.423  INFO DESKTOP-0N7MAR7 --- [           main] .s.d.r.c.RepositoryConfigurationDelegate : Finished Spring Data repository scanning in 120 ms. Found 2 JPA repository interfaces.
2023-02-03 02:12:16.452  INFO DESKTOP-0N7MAR7 --- [           main] o.s.b.w.e.t.TomcatWebServer              : Tomcat initialized with port(s): 3002 (http)
2023-02-03 02:12:16.462  INFO DESKTOP-0N7MAR7 --- [           main] o.a.c.h.Http11NioProtocol                : Initializing ProtocolHandler ["http-nio-3002"]
2023-02-03 02:12:16.463  INFO DESKTOP-0N7MAR7 --- [           main] o.a.c.c.StandardService                  : Starting service [Tomcat]
2023-02-03 02:12:16.464  INFO DESKTOP-0N7MAR7 --- [           main] o.a.c.c.StandardEngine                   : Starting Servlet engine: [Apache Tomcat/10.1.5]
2023-02-03 02:12:16.621  INFO DESKTOP-0N7MAR7 --- [           main] o.a.c.c.C.[.[.[/]                        : Initializing Spring embedded WebApplicationContext
2023-02-03 02:12:16.625  INFO DESKTOP-0N7MAR7 --- [           main] w.s.c.ServletWebServerApplicationContext : Root WebApplicationContext: initialization completed in 2367 ms
2023-02-03 02:12:16.944  INFO DESKTOP-0N7MAR7 --- [           main] o.h.j.i.u.LogHelper                      : HHH000204: Processing PersistenceUnitInfo [name: default]
2023-02-03 02:12:17.043  INFO DESKTOP-0N7MAR7 --- [           main] o.h.Version                              : HHH000412: Hibernate ORM core version 6.1.6.Final
2023-02-03 02:12:17.376  WARN DESKTOP-0N7MAR7 --- [           main] o.h.o.deprecation                        : HHH90000021: Encountered deprecated setting [javax.persistence.sharedCache.mode], use [jakarta.persistence.sharedCache.mode] instead
2023-02-03 02:12:17.587  INFO DESKTOP-0N7MAR7 --- [           main] c.z.h.HikariDataSource                   : HikariPool-1 - Starting...
2023-02-03 02:12:17.882  INFO DESKTOP-0N7MAR7 --- [           main] c.z.h.p.HikariPool                       : HikariPool-1 - Added connection org.postgresql.jdbc.PgConnection@4afd65fd
2023-02-03 02:12:17.884  INFO DESKTOP-0N7MAR7 --- [           main] c.z.h.HikariDataSource                   : HikariPool-1 - Start completed.
2023-02-03 02:12:17.927  INFO DESKTOP-0N7MAR7 --- [           main] SQL dialect                              : HHH000400: Using dialect: org.hibernate.dialect.PostgreSQLDialect
2023-02-03 02:12:19.117  INFO DESKTOP-0N7MAR7 --- [           main] o.h.e.t.j.p.i.JtaPlatformInitiator       : HHH000490: Using JtaPlatform implementation: [org.hibernate.engine.transaction.jta.platform.internal.NoJtaPlatform]
2023-02-03 02:12:19.130  INFO DESKTOP-0N7MAR7 --- [           main] j.LocalContainerEntityManagerFactoryBean : Initialized JPA EntityManagerFactory for persistence unit 'default'
2023-02-03 02:12:19.822  WARN DESKTOP-0N7MAR7 --- [           main] JpaBaseConfiguration$JpaWebConfiguration : spring.jpa.open-in-view is enabled by default. Therefore, database queries may be performed during view rendering. Explicitly configure spring.jpa.open-in-view to disable this warning
2023-02-03 02:12:20.348  INFO DESKTOP-0N7MAR7 --- [           main] o.a.c.h.Http11NioProtocol                : Starting ProtocolHandler ["http-nio-3002"]
2023-02-03 02:12:20.388  INFO DESKTOP-0N7MAR7 --- [           main] o.s.b.w.e.t.TomcatWebServer              : Tomcat started on port(s): 3002 (http) with context path ''
2023-02-03 02:12:20.408  INFO DESKTOP-0N7MAR7 --- [           main] c.B.U.UserManagementService              : Started UserManagementService in 7.022 seconds (process running for 8.585)
2023-02-03 02:12:20.423  INFO DESKTOP-0N7MAR7 --- [           main] c.B.U.s.AppUserServiceImpl               : Registering user:RegisterRequest(name=adminname, surname=adminsurname, username=toyota, password=123toyota123, email=toyota@gmail.com)
2023-02-03 02:12:20.728 ERROR DESKTOP-0N7MAR7 --- [           main] c.B.U.s.AppUserServiceImpl               : Username already exists.
2023-02-03 02:12:42.114  INFO DESKTOP-0N7MAR7 --- [nio-3002-exec-2] o.a.c.c.C.[.[.[/]                        : Initializing Spring DispatcherServlet 'dispatcherServlet'
2023-02-03 02:12:42.115  INFO DESKTOP-0N7MAR7 --- [nio-3002-exec-2] o.s.w.s.DispatcherServlet                : Initializing Servlet 'dispatcherServlet'
2023-02-03 02:12:42.116  INFO DESKTOP-0N7MAR7 --- [nio-3002-exec-2] o.s.w.s.DispatcherServlet                : Completed initialization in 1 ms
2023-02-03 02:12:42.256  INFO DESKTOP-0N7MAR7 --- [nio-3002-exec-2] c.B.U.r.UserManagementController         : Add role to user request received parameters:AddRoleToUser(username=burakack, roleName=test) token: Bearer eyJhbGciOiJIUzM4NCJ9.eyJzdWIiOiJidXJha2FjayIsImlhdCI6MTY3NTM3OTI3MywiZXhwIjoxNjc1NDE1MjczfQ.xjgZwkbWUZJit6OvXYZl18VypftuBl3wQtA6cule8lVA8f7zHHeDIIVEQ7_7X605
2023-02-03 02:12:42.273  INFO DESKTOP-0N7MAR7 --- [nio-3002-exec-2] c.B.U.r.UserManagementController         : Role check request sent parameters: role:ADMIN token:Bearer eyJhbGciOiJIUzM4NCJ9.eyJzdWIiOiJidXJha2FjayIsImlhdCI6MTY3NTM3OTI3MywiZXhwIjoxNjc1NDE1MjczfQ.xjgZwkbWUZJit6OvXYZl18VypftuBl3wQtA6cule8lVA8f7zHHeDIIVEQ7_7X605
2023-02-03 02:12:42.338  INFO DESKTOP-0N7MAR7 --- [nio-3002-exec-2] c.B.U.r.UserManagementController         : Role check request failed
2023-02-03 02:12:42.339  INFO DESKTOP-0N7MAR7 --- [nio-3002-exec-2] c.B.U.s.AppUserServiceImpl               : Adding role to user by username:burakack
2023-02-03 02:13:35.072  INFO DESKTOP-0N7MAR7 --- [ionShutdownHook] j.LocalContainerEntityManagerFactoryBean : Closing JPA EntityManagerFactory for persistence unit 'default'
2023-02-03 02:13:35.074  INFO DESKTOP-0N7MAR7 --- [ionShutdownHook] c.z.h.HikariDataSource                   : HikariPool-1 - Shutdown initiated...
2023-02-03 02:13:35.078  INFO DESKTOP-0N7MAR7 --- [ionShutdownHook] c.z.h.HikariDataSource                   : HikariPool-1 - Shutdown completed.
2023-02-03 02:13:39.710  INFO DESKTOP-0N7MAR7 --- [           main] c.B.U.UserManagementService              : Starting UserManagementService using Java 17.0.2 with PID 17644 (C:\Users\burak\OneDrive\Masaüstü\CompleteVehicleQualitySystem\UserManagementService\target\classes started by burak in C:\Users\burak\OneDrive\Masaüstü\CompleteVehicleQualitySystem)
2023-02-03 02:13:39.726  INFO DESKTOP-0N7MAR7 --- [           main] c.B.U.UserManagementService              : No active profile set, falling back to 1 default profile: "default"
2023-02-03 02:13:40.434  INFO DESKTOP-0N7MAR7 --- [           main] .s.d.r.c.RepositoryConfigurationDelegate : Bootstrapping Spring Data JPA repositories in DEFAULT mode.
2023-02-03 02:13:40.514  INFO DESKTOP-0N7MAR7 --- [           main] .s.d.r.c.RepositoryConfigurationDelegate : Finished Spring Data repository scanning in 70 ms. Found 2 JPA repository interfaces.
2023-02-03 02:13:41.520  INFO DESKTOP-0N7MAR7 --- [           main] o.s.b.w.e.t.TomcatWebServer              : Tomcat initialized with port(s): 3002 (http)
2023-02-03 02:13:41.538  INFO DESKTOP-0N7MAR7 --- [           main] o.a.c.h.Http11NioProtocol                : Initializing ProtocolHandler ["http-nio-3002"]
2023-02-03 02:13:41.540  INFO DESKTOP-0N7MAR7 --- [           main] o.a.c.c.StandardService                  : Starting service [Tomcat]
2023-02-03 02:13:41.540  INFO DESKTOP-0N7MAR7 --- [           main] o.a.c.c.StandardEngine                   : Starting Servlet engine: [Apache Tomcat/10.1.5]
2023-02-03 02:13:41.745  INFO DESKTOP-0N7MAR7 --- [           main] o.a.c.c.C.[.[.[/]                        : Initializing Spring embedded WebApplicationContext
2023-02-03 02:13:41.749  INFO DESKTOP-0N7MAR7 --- [           main] w.s.c.ServletWebServerApplicationContext : Root WebApplicationContext: initialization completed in 1977 ms
2023-02-03 02:13:42.091  INFO DESKTOP-0N7MAR7 --- [           main] o.h.j.i.u.LogHelper                      : HHH000204: Processing PersistenceUnitInfo [name: default]
2023-02-03 02:13:42.179  INFO DESKTOP-0N7MAR7 --- [           main] o.h.Version                              : HHH000412: Hibernate ORM core version 6.1.6.Final
2023-02-03 02:13:42.461  WARN DESKTOP-0N7MAR7 --- [           main] o.h.o.deprecation                        : HHH90000021: Encountered deprecated setting [javax.persistence.sharedCache.mode], use [jakarta.persistence.sharedCache.mode] instead
2023-02-03 02:13:42.658  INFO DESKTOP-0N7MAR7 --- [           main] c.z.h.HikariDataSource                   : HikariPool-1 - Starting...
2023-02-03 02:13:42.951  INFO DESKTOP-0N7MAR7 --- [           main] c.z.h.p.HikariPool                       : HikariPool-1 - Added connection org.postgresql.jdbc.PgConnection@21c75084
2023-02-03 02:13:42.955  INFO DESKTOP-0N7MAR7 --- [           main] c.z.h.HikariDataSource                   : HikariPool-1 - Start completed.
2023-02-03 02:13:43.002  INFO DESKTOP-0N7MAR7 --- [           main] SQL dialect                              : HHH000400: Using dialect: org.hibernate.dialect.PostgreSQLDialect
2023-02-03 02:13:44.259  INFO DESKTOP-0N7MAR7 --- [           main] o.h.e.t.j.p.i.JtaPlatformInitiator       : HHH000490: Using JtaPlatform implementation: [org.hibernate.engine.transaction.jta.platform.internal.NoJtaPlatform]
2023-02-03 02:13:44.272  INFO DESKTOP-0N7MAR7 --- [           main] j.LocalContainerEntityManagerFactoryBean : Initialized JPA EntityManagerFactory for persistence unit 'default'
2023-02-03 02:13:45.000  WARN DESKTOP-0N7MAR7 --- [           main] JpaBaseConfiguration$JpaWebConfiguration : spring.jpa.open-in-view is enabled by default. Therefore, database queries may be performed during view rendering. Explicitly configure spring.jpa.open-in-view to disable this warning
2023-02-03 02:13:45.628  INFO DESKTOP-0N7MAR7 --- [           main] o.a.c.h.Http11NioProtocol                : Starting ProtocolHandler ["http-nio-3002"]
2023-02-03 02:13:45.682  INFO DESKTOP-0N7MAR7 --- [           main] o.s.b.w.e.t.TomcatWebServer              : Tomcat started on port(s): 3002 (http) with context path ''
2023-02-03 02:13:45.704  INFO DESKTOP-0N7MAR7 --- [           main] c.B.U.UserManagementService              : Started UserManagementService in 6.49 seconds (process running for 7.43)
2023-02-03 02:13:45.724  INFO DESKTOP-0N7MAR7 --- [           main] c.B.U.s.AppUserServiceImpl               : Registering user:RegisterRequest(name=adminname, surname=adminsurname, username=toyota, password=123toyota123, email=toyota@gmail.com)
2023-02-03 02:13:46.055 ERROR DESKTOP-0N7MAR7 --- [           main] c.B.U.s.AppUserServiceImpl               : Username already exists.
2023-02-03 02:13:48.924  INFO DESKTOP-0N7MAR7 --- [nio-3002-exec-2] o.a.c.c.C.[.[.[/]                        : Initializing Spring DispatcherServlet 'dispatcherServlet'
2023-02-03 02:13:48.925  INFO DESKTOP-0N7MAR7 --- [nio-3002-exec-2] o.s.w.s.DispatcherServlet                : Initializing Servlet 'dispatcherServlet'
2023-02-03 02:13:48.925  INFO DESKTOP-0N7MAR7 --- [nio-3002-exec-2] o.s.w.s.DispatcherServlet                : Completed initialization in 0 ms
2023-02-03 02:13:49.059  INFO DESKTOP-0N7MAR7 --- [nio-3002-exec-2] c.B.U.r.UserManagementController         : Add role to user request received parameters:AddRoleToUser(username=burakack, roleName=test) token: Bearer eyJhbGciOiJIUzM4NCJ9.eyJzdWIiOiJidXJha2FjayIsImlhdCI6MTY3NTM3OTI3MywiZXhwIjoxNjc1NDE1MjczfQ.xjgZwkbWUZJit6OvXYZl18VypftuBl3wQtA6cule8lVA8f7zHHeDIIVEQ7_7X605
2023-02-03 02:13:49.074  INFO DESKTOP-0N7MAR7 --- [nio-3002-exec-2] c.B.U.r.UserManagementController         : Role check request sent parameters: role:ADMIN token:Bearer eyJhbGciOiJIUzM4NCJ9.eyJzdWIiOiJidXJha2FjayIsImlhdCI6MTY3NTM3OTI3MywiZXhwIjoxNjc1NDE1MjczfQ.xjgZwkbWUZJit6OvXYZl18VypftuBl3wQtA6cule8lVA8f7zHHeDIIVEQ7_7X605
2023-02-03 02:13:49.147  INFO DESKTOP-0N7MAR7 --- [nio-3002-exec-2] c.B.U.r.UserManagementController         : Role check request failed
2023-02-03 02:13:49.148  INFO DESKTOP-0N7MAR7 --- [nio-3002-exec-2] c.B.U.s.AppUserServiceImpl               : Adding role to user by username:burakack
2023-02-03 02:14:03.321  INFO DESKTOP-0N7MAR7 --- [nio-3002-exec-3] c.B.U.r.UserManagementController         : Add role to user request received parameters:AddRoleToUser(username=burakack, roleName=test) token: Bearer eyJhbGciOiJIUzM4drgdrNCJ9.eyJzdWIiOiJidXJha2FjayIsImlhdCI6MTY3NTM3OTI3MywiZXhwIjoxNjc1NDE1MjczfQ.xjgZwkbWUZJit6OvXYZl18VypftuBl3wQtA6cule8lVA8f7zHHeDIIVEQ7_7X605
2023-02-03 02:14:03.322  INFO DESKTOP-0N7MAR7 --- [nio-3002-exec-3] c.B.U.r.UserManagementController         : Role check request sent parameters: role:ADMIN token:Bearer eyJhbGciOiJIUzM4drgdrNCJ9.eyJzdWIiOiJidXJha2FjayIsImlhdCI6MTY3NTM3OTI3MywiZXhwIjoxNjc1NDE1MjczfQ.xjgZwkbWUZJit6OvXYZl18VypftuBl3wQtA6cule8lVA8f7zHHeDIIVEQ7_7X605
2023-02-03 02:14:03.356 ERROR DESKTOP-0N7MAR7 --- [nio-3002-exec-3] o.a.c.c.C.[.[.[.[dispatcherServlet]      : Servlet.service() for servlet [dispatcherServlet] in context with path [] threw exception [Request processing failed: org.springframework.web.client.HttpClientErrorException$Forbidden: 403 : [no body]] with root cause
org.springframework.web.client.HttpClientErrorException$Forbidden: 403 : [no body]
	at org.springframework.web.client.HttpClientErrorException.create(HttpClientErrorException.java:109)
	at org.springframework.web.client.DefaultResponseErrorHandler.handleError(DefaultResponseErrorHandler.java:183)
	at org.springframework.web.client.DefaultResponseErrorHandler.handleError(DefaultResponseErrorHandler.java:137)
	at org.springframework.web.client.ResponseErrorHandler.handleError(ResponseErrorHandler.java:63)
	at org.springframework.web.client.RestTemplate.handleResponse(RestTemplate.java:915)
	at org.springframework.web.client.RestTemplate.doExecute(RestTemplate.java:864)
	at org.springframework.web.client.RestTemplate.execute(RestTemplate.java:764)
	at org.springframework.web.client.RestTemplate.postForObject(RestTemplate.java:481)
	at com.BurakAciker.UserManagementService.service.RestRequestsServiceImpl.roleCheck(RestRequestsServiceImpl.java:31)
	at com.BurakAciker.UserManagementService.resource.UserManagementController.addRoleToUser(UserManagementController.java:27)
	at java.base/jdk.internal.reflect.NativeMethodAccessorImpl.invoke0(Native Method)
	at java.base/jdk.internal.reflect.NativeMethodAccessorImpl.invoke(NativeMethodAccessorImpl.java:77)
	at java.base/jdk.internal.reflect.DelegatingMethodAccessorImpl.invoke(DelegatingMethodAccessorImpl.java:43)
	at java.base/java.lang.reflect.Method.invoke(Method.java:568)
	at org.springframework.web.method.support.InvocableHandlerMethod.doInvoke(InvocableHandlerMethod.java:207)
	at org.springframework.web.method.support.InvocableHandlerMethod.invokeForRequest(InvocableHandlerMethod.java:152)
	at org.springframework.web.servlet.mvc.method.annotation.ServletInvocableHandlerMethod.invokeAndHandle(ServletInvocableHandlerMethod.java:117)
	at org.springframework.web.servlet.mvc.method.annotation.RequestMappingHandlerAdapter.invokeHandlerMethod(RequestMappingHandlerAdapter.java:884)
	at org.springframework.web.servlet.mvc.method.annotation.RequestMappingHandlerAdapter.handleInternal(RequestMappingHandlerAdapter.java:797)
	at org.springframework.web.servlet.mvc.method.AbstractHandlerMethodAdapter.handle(AbstractHandlerMethodAdapter.java:87)
	at org.springframework.web.servlet.DispatcherServlet.doDispatch(DispatcherServlet.java:1080)
	at org.springframework.web.servlet.DispatcherServlet.doService(DispatcherServlet.java:973)
	at org.springframework.web.servlet.FrameworkServlet.processRequest(FrameworkServlet.java:1003)
	at org.springframework.web.servlet.FrameworkServlet.doPost(FrameworkServlet.java:906)
	at jakarta.servlet.http.HttpServlet.service(HttpServlet.java:731)
	at org.springframework.web.servlet.FrameworkServlet.service(FrameworkServlet.java:880)
	at jakarta.servlet.http.HttpServlet.service(HttpServlet.java:814)
	at org.apache.catalina.core.ApplicationFilterChain.internalDoFilter(ApplicationFilterChain.java:223)
	at org.apache.catalina.core.ApplicationFilterChain.doFilter(ApplicationFilterChain.java:158)
	at org.apache.tomcat.websocket.server.WsFilter.doFilter(WsFilter.java:53)
	at org.apache.catalina.core.ApplicationFilterChain.internalDoFilter(ApplicationFilterChain.java:185)
	at org.apache.catalina.core.ApplicationFilterChain.doFilter(ApplicationFilterChain.java:158)
	at org.springframework.web.filter.RequestContextFilter.doFilterInternal(RequestContextFilter.java:100)
	at org.springframework.web.filter.OncePerRequestFilter.doFilter(OncePerRequestFilter.java:116)
	at org.apache.catalina.core.ApplicationFilterChain.internalDoFilter(ApplicationFilterChain.java:185)
	at org.apache.catalina.core.ApplicationFilterChain.doFilter(ApplicationFilterChain.java:158)
	at org.springframework.web.filter.FormContentFilter.doFilterInternal(FormContentFilter.java:93)
	at org.springframework.web.filter.OncePerRequestFilter.doFilter(OncePerRequestFilter.java:116)
	at org.apache.catalina.core.ApplicationFilterChain.internalDoFilter(ApplicationFilterChain.java:185)
	at org.apache.catalina.core.ApplicationFilterChain.doFilter(ApplicationFilterChain.java:158)
	at org.springframework.web.filter.CharacterEncodingFilter.doFilterInternal(CharacterEncodingFilter.java:201)
	at org.springframework.web.filter.OncePerRequestFilter.doFilter(OncePerRequestFilter.java:116)
	at org.apache.catalina.core.ApplicationFilterChain.internalDoFilter(ApplicationFilterChain.java:185)
	at org.apache.catalina.core.ApplicationFilterChain.doFilter(ApplicationFilterChain.java:158)
	at org.apache.catalina.core.StandardWrapperValve.invoke(StandardWrapperValve.java:177)
	at org.apache.catalina.core.StandardContextValve.invoke(StandardContextValve.java:97)
	at org.apache.catalina.authenticator.AuthenticatorBase.invoke(AuthenticatorBase.java:542)
	at org.apache.catalina.core.StandardHostValve.invoke(StandardHostValve.java:119)
	at org.apache.catalina.valves.ErrorReportValve.invoke(ErrorReportValve.java:92)
	at org.apache.catalina.core.StandardEngineValve.invoke(StandardEngineValve.java:78)
	at org.apache.catalina.connector.CoyoteAdapter.service(CoyoteAdapter.java:357)
	at org.apache.coyote.http11.Http11Processor.service(Http11Processor.java:400)
	at org.apache.coyote.AbstractProcessorLight.process(AbstractProcessorLight.java:65)
	at org.apache.coyote.AbstractProtocol$ConnectionHandler.process(AbstractProtocol.java:859)
	at org.apache.tomcat.util.net.NioEndpoint$SocketProcessor.doRun(NioEndpoint.java:1734)
	at org.apache.tomcat.util.net.SocketProcessorBase.run(SocketProcessorBase.java:52)
	at org.apache.tomcat.util.threads.ThreadPoolExecutor.runWorker(ThreadPoolExecutor.java:1191)
	at org.apache.tomcat.util.threads.ThreadPoolExecutor$Worker.run(ThreadPoolExecutor.java:659)
	at org.apache.tomcat.util.threads.TaskThread$WrappingRunnable.run(TaskThread.java:61)
	at java.base/java.lang.Thread.run(Thread.java:833)
2023-02-03 02:16:09.395  INFO DESKTOP-0N7MAR7 --- [ionShutdownHook] j.LocalContainerEntityManagerFactoryBean : Closing JPA EntityManagerFactory for persistence unit 'default'
2023-02-03 02:16:09.399  INFO DESKTOP-0N7MAR7 --- [ionShutdownHook] c.z.h.HikariDataSource                   : HikariPool-1 - Shutdown initiated...
2023-02-03 02:16:09.405  INFO DESKTOP-0N7MAR7 --- [ionShutdownHook] c.z.h.HikariDataSource                   : HikariPool-1 - Shutdown completed.
2023-02-03 23:10:10.969  INFO DESKTOP-0N7MAR7 --- [           main] c.B.U.UserManagementService              : Starting UserManagementService using Java 17.0.2 with PID 1300 (C:\Users\burak\OneDrive\Masaüstü\CompleteVehicleQualitySystem\UserManagementService\target\classes started by burak in C:\Users\burak\OneDrive\Masaüstü\CompleteVehicleQualitySystem)
2023-02-03 23:10:10.993  INFO DESKTOP-0N7MAR7 --- [           main] c.B.U.UserManagementService              : No active profile set, falling back to 1 default profile: "default"
2023-02-03 23:10:12.818  INFO DESKTOP-0N7MAR7 --- [           main] .s.d.r.c.RepositoryConfigurationDelegate : Bootstrapping Spring Data JPA repositories in DEFAULT mode.
2023-02-03 23:10:12.999  INFO DESKTOP-0N7MAR7 --- [           main] .s.d.r.c.RepositoryConfigurationDelegate : Finished Spring Data repository scanning in 161 ms. Found 2 JPA repository interfaces.
2023-02-03 23:10:14.387  INFO DESKTOP-0N7MAR7 --- [           main] o.s.b.w.e.t.TomcatWebServer              : Tomcat initialized with port(s): 3002 (http)
2023-02-03 23:10:14.405  INFO DESKTOP-0N7MAR7 --- [           main] o.a.c.h.Http11NioProtocol                : Initializing ProtocolHandler ["http-nio-3002"]
2023-02-03 23:10:14.407  INFO DESKTOP-0N7MAR7 --- [           main] o.a.c.c.StandardService                  : Starting service [Tomcat]
2023-02-03 23:10:14.407  INFO DESKTOP-0N7MAR7 --- [           main] o.a.c.c.StandardEngine                   : Starting Servlet engine: [Apache Tomcat/10.1.5]
2023-02-03 23:10:14.611  INFO DESKTOP-0N7MAR7 --- [           main] o.a.c.c.C.[.[.[/]                        : Initializing Spring embedded WebApplicationContext
2023-02-03 23:10:14.615  INFO DESKTOP-0N7MAR7 --- [           main] w.s.c.ServletWebServerApplicationContext : Root WebApplicationContext: initialization completed in 3499 ms
2023-02-03 23:10:14.999  INFO DESKTOP-0N7MAR7 --- [           main] o.h.j.i.u.LogHelper                      : HHH000204: Processing PersistenceUnitInfo [name: default]
2023-02-03 23:10:15.168  INFO DESKTOP-0N7MAR7 --- [           main] o.h.Version                              : HHH000412: Hibernate ORM core version 6.1.6.Final
2023-02-03 23:10:15.566  WARN DESKTOP-0N7MAR7 --- [           main] o.h.o.deprecation                        : HHH90000021: Encountered deprecated setting [javax.persistence.sharedCache.mode], use [jakarta.persistence.sharedCache.mode] instead
2023-02-03 23:10:15.836  INFO DESKTOP-0N7MAR7 --- [           main] c.z.h.HikariDataSource                   : HikariPool-1 - Starting...
2023-02-03 23:10:16.197  INFO DESKTOP-0N7MAR7 --- [           main] c.z.h.p.HikariPool                       : HikariPool-1 - Added connection org.postgresql.jdbc.PgConnection@5f409872
2023-02-03 23:10:16.199  INFO DESKTOP-0N7MAR7 --- [           main] c.z.h.HikariDataSource                   : HikariPool-1 - Start completed.
2023-02-03 23:10:16.281  INFO DESKTOP-0N7MAR7 --- [           main] SQL dialect                              : HHH000400: Using dialect: org.hibernate.dialect.PostgreSQLDialect
2023-02-03 23:10:18.273  INFO DESKTOP-0N7MAR7 --- [           main] o.h.e.t.j.p.i.JtaPlatformInitiator       : HHH000490: Using JtaPlatform implementation: [org.hibernate.engine.transaction.jta.platform.internal.NoJtaPlatform]
2023-02-03 23:10:18.289  INFO DESKTOP-0N7MAR7 --- [           main] j.LocalContainerEntityManagerFactoryBean : Initialized JPA EntityManagerFactory for persistence unit 'default'
2023-02-03 23:10:19.397  WARN DESKTOP-0N7MAR7 --- [           main] JpaBaseConfiguration$JpaWebConfiguration : spring.jpa.open-in-view is enabled by default. Therefore, database queries may be performed during view rendering. Explicitly configure spring.jpa.open-in-view to disable this warning
2023-02-03 23:10:20.277  INFO DESKTOP-0N7MAR7 --- [           main] o.a.c.h.Http11NioProtocol                : Starting ProtocolHandler ["http-nio-3002"]
2023-02-03 23:10:20.330  INFO DESKTOP-0N7MAR7 --- [           main] o.s.b.w.e.t.TomcatWebServer              : Tomcat started on port(s): 3002 (http) with context path ''
2023-02-03 23:10:20.353  INFO DESKTOP-0N7MAR7 --- [           main] c.B.U.UserManagementService              : Started UserManagementService in 10.363 seconds (process running for 12.771)
2023-02-03 23:10:20.378  INFO DESKTOP-0N7MAR7 --- [           main] c.B.U.s.AppUserServiceImpl               : Registering user:RegisterRequest(name=adminname, surname=adminsurname, username=toyota, password=123toyota123, email=toyota@gmail.com)
2023-02-03 23:10:20.735 ERROR DESKTOP-0N7MAR7 --- [           main] c.B.U.s.AppUserServiceImpl               : Username already exists.
2023-02-03 23:10:29.344  INFO DESKTOP-0N7MAR7 --- [nio-3002-exec-2] o.a.c.c.C.[.[.[/]                        : Initializing Spring DispatcherServlet 'dispatcherServlet'
2023-02-03 23:10:29.344  INFO DESKTOP-0N7MAR7 --- [nio-3002-exec-2] o.s.w.s.DispatcherServlet                : Initializing Servlet 'dispatcherServlet'
2023-02-03 23:10:29.346  INFO DESKTOP-0N7MAR7 --- [nio-3002-exec-2] o.s.w.s.DispatcherServlet                : Completed initialization in 2 ms
2023-02-03 23:10:29.462  INFO DESKTOP-0N7MAR7 --- [nio-3002-exec-2] c.B.U.r.UserManagementController         : Add role to user request received parameters:AddRoleToUser(username=burakack, roleName=test) token: Bearer eyJhbGciOiJIUzM4NCJ9.eyJzdWIiOiJidXJha2FjayIsImlhdCI6MTY3NTQ1NTAyMCwiZXhwIjoxNjc1NDkxMDIwfQ.qkh9CxzbckpYoDPTEw1tnjTjvy4diEaTA4wtXeQYBnyMdetkWQZkmxoNh_v98Hyx
2023-02-03 23:10:29.484  INFO DESKTOP-0N7MAR7 --- [nio-3002-exec-2] c.B.U.r.UserManagementController         : Role check request sent parameters: role:ADMIN token:Bearer eyJhbGciOiJIUzM4NCJ9.eyJzdWIiOiJidXJha2FjayIsImlhdCI6MTY3NTQ1NTAyMCwiZXhwIjoxNjc1NDkxMDIwfQ.qkh9CxzbckpYoDPTEw1tnjTjvy4diEaTA4wtXeQYBnyMdetkWQZkmxoNh_v98Hyx
2023-02-03 23:10:29.606  INFO DESKTOP-0N7MAR7 --- [nio-3002-exec-2] c.B.U.r.UserManagementController         : Role check request success
2023-02-03 23:10:29.608  INFO DESKTOP-0N7MAR7 --- [nio-3002-exec-2] c.B.U.s.AppUserServiceImpl               : Adding role to user by username:burakack
2023-02-03 23:38:59.735  INFO DESKTOP-0N7MAR7 --- [ionShutdownHook] j.LocalContainerEntityManagerFactoryBean : Closing JPA EntityManagerFactory for persistence unit 'default'
2023-02-03 23:38:59.737  INFO DESKTOP-0N7MAR7 --- [ionShutdownHook] c.z.h.HikariDataSource                   : HikariPool-1 - Shutdown initiated...
2023-02-03 23:38:59.742  INFO DESKTOP-0N7MAR7 --- [ionShutdownHook] c.z.h.HikariDataSource                   : HikariPool-1 - Shutdown completed.
